[30-Jul-2015 07:24:43 UTC] PHP Parse error:  syntax error, unexpected ',', expecting ')' in /home/ubuntu/workspace/app/Config/routes.php on line 28
[30-Jul-2015 07:24:43 UTC] PHP Stack trace:
[30-Jul-2015 07:24:43 UTC] PHP   1. {main}() /home/ubuntu/workspace/app/webroot/index.php:0
[30-Jul-2015 07:24:43 UTC] PHP   2. Dispatcher->dispatch() /home/ubuntu/workspace/app/webroot/index.php:118
[30-Jul-2015 07:24:43 UTC] PHP   3. CakeEventManager->dispatch() /home/ubuntu/workspace/lib/Cake/Routing/Dispatcher.php:147
[30-Jul-2015 07:24:43 UTC] PHP   4. call_user_func:{/home/ubuntu/workspace/lib/Cake/Event/CakeEventManager.php:243}() /home/ubuntu/workspace/lib/Cake/Event/CakeEventManager.php:243
[30-Jul-2015 07:24:43 UTC] PHP   5. Dispatcher->parseParams() /home/ubuntu/workspace/lib/Cake/Event/CakeEventManager.php:243
[30-Jul-2015 07:24:43 UTC] PHP   6. Router::parse() /home/ubuntu/workspace/lib/Cake/Routing/Dispatcher.php:219
[30-Jul-2015 07:24:43 UTC] PHP   7. Router::_loadRoutes() /home/ubuntu/workspace/lib/Cake/Routing/Router.php:595
[30-Jul-2015 07:24:44 UTC] PHP Parse error:  syntax error, unexpected ',', expecting ')' in /home/ubuntu/workspace/app/Config/routes.php on line 28
[30-Jul-2015 07:24:44 UTC] PHP Stack trace:
[30-Jul-2015 07:24:44 UTC] PHP   1. {main}() /home/ubuntu/workspace/app/webroot/index.php:0
[30-Jul-2015 07:24:44 UTC] PHP   2. Dispatcher->dispatch() /home/ubuntu/workspace/app/webroot/index.php:118
[30-Jul-2015 07:24:44 UTC] PHP   3. CakeEventManager->dispatch() /home/ubuntu/workspace/lib/Cake/Routing/Dispatcher.php:147
[30-Jul-2015 07:24:44 UTC] PHP   4. call_user_func:{/home/ubuntu/workspace/lib/Cake/Event/CakeEventManager.php:243}() /home/ubuntu/workspace/lib/Cake/Event/CakeEventManager.php:243
[30-Jul-2015 07:24:44 UTC] PHP   5. Dispatcher->parseParams() /home/ubuntu/workspace/lib/Cake/Event/CakeEventManager.php:243
[30-Jul-2015 07:24:44 UTC] PHP   6. Router::parse() /home/ubuntu/workspace/lib/Cake/Routing/Dispatcher.php:219
[30-Jul-2015 07:24:44 UTC] PHP   7. Router::_loadRoutes() /home/ubuntu/workspace/lib/Cake/Routing/Router.php:595
[30-Jul-2015 07:24:50 UTC] PHP Parse error:  syntax error, unexpected ',', expecting ')' in /home/ubuntu/workspace/app/Config/routes.php on line 28
[30-Jul-2015 07:24:50 UTC] PHP Stack trace:
[30-Jul-2015 07:24:50 UTC] PHP   1. {main}() /home/ubuntu/workspace/app/webroot/index.php:0
[30-Jul-2015 07:24:50 UTC] PHP   2. Dispatcher->dispatch() /home/ubuntu/workspace/app/webroot/index.php:118
[30-Jul-2015 07:24:50 UTC] PHP   3. CakeEventManager->dispatch() /home/ubuntu/workspace/lib/Cake/Routing/Dispatcher.php:147
[30-Jul-2015 07:24:50 UTC] PHP   4. call_user_func:{/home/ubuntu/workspace/lib/Cake/Event/CakeEventManager.php:243}() /home/ubuntu/workspace/lib/Cake/Event/CakeEventManager.php:243
[30-Jul-2015 07:24:50 UTC] PHP   5. Dispatcher->parseParams() /home/ubuntu/workspace/lib/Cake/Event/CakeEventManager.php:243
[30-Jul-2015 07:24:50 UTC] PHP   6. Router::parse() /home/ubuntu/workspace/lib/Cake/Routing/Dispatcher.php:219
[30-Jul-2015 07:24:50 UTC] PHP   7. Router::_loadRoutes() /home/ubuntu/workspace/lib/Cake/Routing/Router.php:595
[30-Jul-2015 07:24:50 UTC] PHP Parse error:  syntax error, unexpected ',', expecting ')' in /home/ubuntu/workspace/app/Config/routes.php on line 28
[30-Jul-2015 07:24:50 UTC] PHP Stack trace:
[30-Jul-2015 07:24:50 UTC] PHP   1. {main}() /home/ubuntu/workspace/app/webroot/index.php:0
[30-Jul-2015 07:24:50 UTC] PHP   2. Dispatcher->dispatch() /home/ubuntu/workspace/app/webroot/index.php:118
[30-Jul-2015 07:24:50 UTC] PHP   3. CakeEventManager->dispatch() /home/ubuntu/workspace/lib/Cake/Routing/Dispatcher.php:147
[30-Jul-2015 07:24:50 UTC] PHP   4. call_user_func:{/home/ubuntu/workspace/lib/Cake/Event/CakeEventManager.php:243}() /home/ubuntu/workspace/lib/Cake/Event/CakeEventManager.php:243
[30-Jul-2015 07:24:50 UTC] PHP   5. Dispatcher->parseParams() /home/ubuntu/workspace/lib/Cake/Event/CakeEventManager.php:243
[30-Jul-2015 07:24:50 UTC] PHP   6. Router::parse() /home/ubuntu/workspace/lib/Cake/Routing/Dispatcher.php:219
[30-Jul-2015 07:24:50 UTC] PHP   7. Router::_loadRoutes() /home/ubuntu/workspace/lib/Cake/Routing/Router.php:595
[30-Jul-2015 07:25:04 UTC] PHP Parse error:  syntax error, unexpected ':' in /home/ubuntu/workspace/app/Config/routes.php on line 28
[30-Jul-2015 07:25:04 UTC] PHP Stack trace:
[30-Jul-2015 07:25:04 UTC] PHP   1. {main}() /home/ubuntu/workspace/app/webroot/index.php:0
[30-Jul-2015 07:25:04 UTC] PHP   2. Dispatcher->dispatch() /home/ubuntu/workspace/app/webroot/index.php:118
[30-Jul-2015 07:25:04 UTC] PHP   3. CakeEventManager->dispatch() /home/ubuntu/workspace/lib/Cake/Routing/Dispatcher.php:147
[30-Jul-2015 07:25:04 UTC] PHP   4. call_user_func:{/home/ubuntu/workspace/lib/Cake/Event/CakeEventManager.php:243}() /home/ubuntu/workspace/lib/Cake/Event/CakeEventManager.php:243
[30-Jul-2015 07:25:04 UTC] PHP   5. Dispatcher->parseParams() /home/ubuntu/workspace/lib/Cake/Event/CakeEventManager.php:243
[30-Jul-2015 07:25:04 UTC] PHP   6. Router::parse() /home/ubuntu/workspace/lib/Cake/Routing/Dispatcher.php:219
[30-Jul-2015 07:25:04 UTC] PHP   7. Router::_loadRoutes() /home/ubuntu/workspace/lib/Cake/Routing/Router.php:595
[30-Jul-2015 07:25:05 UTC] PHP Parse error:  syntax error, unexpected ':' in /home/ubuntu/workspace/app/Config/routes.php on line 28
[30-Jul-2015 07:25:05 UTC] PHP Stack trace:
[30-Jul-2015 07:25:05 UTC] PHP   1. {main}() /home/ubuntu/workspace/app/webroot/index.php:0
[30-Jul-2015 07:25:05 UTC] PHP   2. Dispatcher->dispatch() /home/ubuntu/workspace/app/webroot/index.php:118
[30-Jul-2015 07:25:05 UTC] PHP   3. CakeEventManager->dispatch() /home/ubuntu/workspace/lib/Cake/Routing/Dispatcher.php:147
[30-Jul-2015 07:25:05 UTC] PHP   4. call_user_func:{/home/ubuntu/workspace/lib/Cake/Event/CakeEventManager.php:243}() /home/ubuntu/workspace/lib/Cake/Event/CakeEventManager.php:243
[30-Jul-2015 07:25:05 UTC] PHP   5. Dispatcher->parseParams() /home/ubuntu/workspace/lib/Cake/Event/CakeEventManager.php:243
[30-Jul-2015 07:25:05 UTC] PHP   6. Router::parse() /home/ubuntu/workspace/lib/Cake/Routing/Dispatcher.php:219
[30-Jul-2015 07:25:05 UTC] PHP   7. Router::_loadRoutes() /home/ubuntu/workspace/lib/Cake/Routing/Router.php:595
[02-Aug-2015 01:38:06 UTC] PHP Fatal error:  Call to a member function allow() on a non-object in /home/ubuntu/workspace/app/Controller/UsersController.php on line 14
[02-Aug-2015 01:38:06 UTC] PHP Stack trace:
[02-Aug-2015 01:38:06 UTC] PHP   1. {main}() /home/ubuntu/workspace/app/webroot/index.php:0
[02-Aug-2015 01:38:06 UTC] PHP   2. Dispatcher->dispatch() /home/ubuntu/workspace/app/webroot/index.php:118
[02-Aug-2015 01:38:06 UTC] PHP   3. Dispatcher->_invoke() /home/ubuntu/workspace/lib/Cake/Routing/Dispatcher.php:167
[02-Aug-2015 01:38:06 UTC] PHP   4. Controller->startupProcess() /home/ubuntu/workspace/lib/Cake/Routing/Dispatcher.php:189
[02-Aug-2015 01:38:06 UTC] PHP   5. CakeEventManager->dispatch() /home/ubuntu/workspace/lib/Cake/Controller/Controller.php:676
[02-Aug-2015 01:38:06 UTC] PHP   6. call_user_func:{/home/ubuntu/workspace/lib/Cake/Event/CakeEventManager.php:243}() /home/ubuntu/workspace/lib/Cake/Event/CakeEventManager.php:243
[02-Aug-2015 01:38:06 UTC] PHP   7. UsersController->beforeFilter() /home/ubuntu/workspace/lib/Cake/Event/CakeEventManager.php:243
[02-Aug-2015 01:38:13 UTC] PHP Fatal error:  Call to a member function allow() on a non-object in /home/ubuntu/workspace/app/Controller/UsersController.php on line 14
[02-Aug-2015 01:38:13 UTC] PHP Stack trace:
[02-Aug-2015 01:38:13 UTC] PHP   1. {main}() /home/ubuntu/workspace/app/webroot/index.php:0
[02-Aug-2015 01:38:13 UTC] PHP   2. Dispatcher->dispatch() /home/ubuntu/workspace/app/webroot/index.php:118
[02-Aug-2015 01:38:13 UTC] PHP   3. Dispatcher->_invoke() /home/ubuntu/workspace/lib/Cake/Routing/Dispatcher.php:167
[02-Aug-2015 01:38:13 UTC] PHP   4. Controller->startupProcess() /home/ubuntu/workspace/lib/Cake/Routing/Dispatcher.php:189
[02-Aug-2015 01:38:13 UTC] PHP   5. CakeEventManager->dispatch() /home/ubuntu/workspace/lib/Cake/Controller/Controller.php:676
[02-Aug-2015 01:38:13 UTC] PHP   6. call_user_func:{/home/ubuntu/workspace/lib/Cake/Event/CakeEventManager.php:243}() /home/ubuntu/workspace/lib/Cake/Event/CakeEventManager.php:243
[02-Aug-2015 01:38:13 UTC] PHP   7. UsersController->beforeFilter() /home/ubuntu/workspace/lib/Cake/Event/CakeEventManager.php:243
[02-Aug-2015 01:38:17 UTC] PHP Fatal error:  Call to a member function allow() on a non-object in /home/ubuntu/workspace/app/Controller/UsersController.php on line 14
[02-Aug-2015 01:38:17 UTC] PHP Stack trace:
[02-Aug-2015 01:38:17 UTC] PHP   1. {main}() /home/ubuntu/workspace/app/webroot/index.php:0
[02-Aug-2015 01:38:17 UTC] PHP   2. Dispatcher->dispatch() /home/ubuntu/workspace/app/webroot/index.php:118
[02-Aug-2015 01:38:17 UTC] PHP   3. Dispatcher->_invoke() /home/ubuntu/workspace/lib/Cake/Routing/Dispatcher.php:167
[02-Aug-2015 01:38:17 UTC] PHP   4. Controller->startupProcess() /home/ubuntu/workspace/lib/Cake/Routing/Dispatcher.php:189
[02-Aug-2015 01:38:17 UTC] PHP   5. CakeEventManager->dispatch() /home/ubuntu/workspace/lib/Cake/Controller/Controller.php:676
[02-Aug-2015 01:38:17 UTC] PHP   6. call_user_func:{/home/ubuntu/workspace/lib/Cake/Event/CakeEventManager.php:243}() /home/ubuntu/workspace/lib/Cake/Event/CakeEventManager.php:243
[02-Aug-2015 01:38:17 UTC] PHP   7. UsersController->beforeFilter() /home/ubuntu/workspace/lib/Cake/Event/CakeEventManager.php:243
[02-Aug-2015 01:39:52 UTC] PHP Fatal error:  Call to a member function allow() on a non-object in /home/ubuntu/workspace/app/Controller/UsersController.php on line 14
[02-Aug-2015 01:39:52 UTC] PHP Stack trace:
[02-Aug-2015 01:39:52 UTC] PHP   1. {main}() /home/ubuntu/workspace/app/webroot/index.php:0
[02-Aug-2015 01:39:52 UTC] PHP   2. Dispatcher->dispatch() /home/ubuntu/workspace/app/webroot/index.php:118
[02-Aug-2015 01:39:52 UTC] PHP   3. Dispatcher->_invoke() /home/ubuntu/workspace/lib/Cake/Routing/Dispatcher.php:167
[02-Aug-2015 01:39:52 UTC] PHP   4. Controller->startupProcess() /home/ubuntu/workspace/lib/Cake/Routing/Dispatcher.php:189
[02-Aug-2015 01:39:52 UTC] PHP   5. CakeEventManager->dispatch() /home/ubuntu/workspace/lib/Cake/Controller/Controller.php:676
[02-Aug-2015 01:39:52 UTC] PHP   6. call_user_func:{/home/ubuntu/workspace/lib/Cake/Event/CakeEventManager.php:243}() /home/ubuntu/workspace/lib/Cake/Event/CakeEventManager.php:243
[02-Aug-2015 01:39:52 UTC] PHP   7. UsersController->beforeFilter() /home/ubuntu/workspace/lib/Cake/Event/CakeEventManager.php:243
[02-Aug-2015 01:41:06 UTC] PHP Fatal error:  Call to a member function allow() on a non-object in /home/ubuntu/workspace/app/Controller/UsersController.php on line 14
[02-Aug-2015 01:41:06 UTC] PHP Stack trace:
[02-Aug-2015 01:41:06 UTC] PHP   1. {main}() /home/ubuntu/workspace/app/webroot/index.php:0
[02-Aug-2015 01:41:06 UTC] PHP   2. Dispatcher->dispatch() /home/ubuntu/workspace/app/webroot/index.php:118
[02-Aug-2015 01:41:06 UTC] PHP   3. Dispatcher->_invoke() /home/ubuntu/workspace/lib/Cake/Routing/Dispatcher.php:167
[02-Aug-2015 01:41:06 UTC] PHP   4. Controller->startupProcess() /home/ubuntu/workspace/lib/Cake/Routing/Dispatcher.php:189
[02-Aug-2015 01:41:06 UTC] PHP   5. CakeEventManager->dispatch() /home/ubuntu/workspace/lib/Cake/Controller/Controller.php:676
[02-Aug-2015 01:41:06 UTC] PHP   6. call_user_func:{/home/ubuntu/workspace/lib/Cake/Event/CakeEventManager.php:243}() /home/ubuntu/workspace/lib/Cake/Event/CakeEventManager.php:243
[02-Aug-2015 01:41:06 UTC] PHP   7. UsersController->beforeFilter() /home/ubuntu/workspace/lib/Cake/Event/CakeEventManager.php:243
[02-Aug-2015 01:41:12 UTC] PHP Fatal error:  Call to a member function allow() on a non-object in /home/ubuntu/workspace/app/Controller/UsersController.php on line 14
[02-Aug-2015 01:41:12 UTC] PHP Stack trace:
[02-Aug-2015 01:41:12 UTC] PHP   1. {main}() /home/ubuntu/workspace/app/webroot/index.php:0
[02-Aug-2015 01:41:12 UTC] PHP   2. Dispatcher->dispatch() /home/ubuntu/workspace/app/webroot/index.php:118
[02-Aug-2015 01:41:12 UTC] PHP   3. Dispatcher->_invoke() /home/ubuntu/workspace/lib/Cake/Routing/Dispatcher.php:167
[02-Aug-2015 01:41:12 UTC] PHP   4. Controller->startupProcess() /home/ubuntu/workspace/lib/Cake/Routing/Dispatcher.php:189
[02-Aug-2015 01:41:12 UTC] PHP   5. CakeEventManager->dispatch() /home/ubuntu/workspace/lib/Cake/Controller/Controller.php:676
[02-Aug-2015 01:41:12 UTC] PHP   6. call_user_func:{/home/ubuntu/workspace/lib/Cake/Event/CakeEventManager.php:243}() /home/ubuntu/workspace/lib/Cake/Event/CakeEventManager.php:243
[02-Aug-2015 01:41:12 UTC] PHP   7. UsersController->beforeFilter() /home/ubuntu/workspace/lib/Cake/Event/CakeEventManager.php:243
[02-Aug-2015 01:42:38 UTC] PHP Fatal error:  Call to a member function allow() on a non-object in /home/ubuntu/workspace/app/Controller/UsersController.php on line 14
[02-Aug-2015 01:42:38 UTC] PHP Stack trace:
[02-Aug-2015 01:42:38 UTC] PHP   1. {main}() /home/ubuntu/workspace/app/webroot/index.php:0
[02-Aug-2015 01:42:38 UTC] PHP   2. Dispatcher->dispatch() /home/ubuntu/workspace/app/webroot/index.php:118
[02-Aug-2015 01:42:38 UTC] PHP   3. Dispatcher->_invoke() /home/ubuntu/workspace/lib/Cake/Routing/Dispatcher.php:167
[02-Aug-2015 01:42:38 UTC] PHP   4. Controller->startupProcess() /home/ubuntu/workspace/lib/Cake/Routing/Dispatcher.php:189
[02-Aug-2015 01:42:38 UTC] PHP   5. CakeEventManager->dispatch() /home/ubuntu/workspace/lib/Cake/Controller/Controller.php:676
[02-Aug-2015 01:42:38 UTC] PHP   6. call_user_func:{/home/ubuntu/workspace/lib/Cake/Event/CakeEventManager.php:243}() /home/ubuntu/workspace/lib/Cake/Event/CakeEventManager.php:243
[02-Aug-2015 01:42:38 UTC] PHP   7. UsersController->beforeFilter() /home/ubuntu/workspace/lib/Cake/Event/CakeEventManager.php:243
[02-Aug-2015 01:44:16 UTC] PHP Fatal error:  Call to a member function allow() on a non-object in /home/ubuntu/workspace/app/Controller/UsersController.php on line 14
[02-Aug-2015 01:44:16 UTC] PHP Stack trace:
[02-Aug-2015 01:44:16 UTC] PHP   1. {main}() /home/ubuntu/workspace/app/webroot/index.php:0
[02-Aug-2015 01:44:16 UTC] PHP   2. Dispatcher->dispatch() /home/ubuntu/workspace/app/webroot/index.php:118
[02-Aug-2015 01:44:16 UTC] PHP   3. Dispatcher->_invoke() /home/ubuntu/workspace/lib/Cake/Routing/Dispatcher.php:167
[02-Aug-2015 01:44:16 UTC] PHP   4. Controller->startupProcess() /home/ubuntu/workspace/lib/Cake/Routing/Dispatcher.php:189
[02-Aug-2015 01:44:16 UTC] PHP   5. CakeEventManager->dispatch() /home/ubuntu/workspace/lib/Cake/Controller/Controller.php:676
[02-Aug-2015 01:44:16 UTC] PHP   6. call_user_func:{/home/ubuntu/workspace/lib/Cake/Event/CakeEventManager.php:243}() /home/ubuntu/workspace/lib/Cake/Event/CakeEventManager.php:243
[02-Aug-2015 01:44:16 UTC] PHP   7. UsersController->beforeFilter() /home/ubuntu/workspace/lib/Cake/Event/CakeEventManager.php:243
[02-Aug-2015 01:45:25 UTC] PHP Fatal error:  Call to a member function allow() on a non-object in /home/ubuntu/workspace/app/Controller/UsersController.php on line 19
[02-Aug-2015 01:45:25 UTC] PHP Stack trace:
[02-Aug-2015 01:45:25 UTC] PHP   1. {main}() /home/ubuntu/workspace/app/webroot/index.php:0
[02-Aug-2015 01:45:25 UTC] PHP   2. Dispatcher->dispatch() /home/ubuntu/workspace/app/webroot/index.php:118
[02-Aug-2015 01:45:25 UTC] PHP   3. Dispatcher->_invoke() /home/ubuntu/workspace/lib/Cake/Routing/Dispatcher.php:167
[02-Aug-2015 01:45:25 UTC] PHP   4. Controller->startupProcess() /home/ubuntu/workspace/lib/Cake/Routing/Dispatcher.php:189
[02-Aug-2015 01:45:25 UTC] PHP   5. CakeEventManager->dispatch() /home/ubuntu/workspace/lib/Cake/Controller/Controller.php:676
[02-Aug-2015 01:45:25 UTC] PHP   6. call_user_func:{/home/ubuntu/workspace/lib/Cake/Event/CakeEventManager.php:243}() /home/ubuntu/workspace/lib/Cake/Event/CakeEventManager.php:243
[02-Aug-2015 01:45:25 UTC] PHP   7. UsersController->beforeFilter() /home/ubuntu/workspace/lib/Cake/Event/CakeEventManager.php:243
[02-Aug-2015 01:47:00 UTC] PHP Fatal error:  Call to a member function allow() on a non-object in /home/ubuntu/workspace/app/Controller/UsersController.php on line 19
[02-Aug-2015 01:47:00 UTC] PHP Stack trace:
[02-Aug-2015 01:47:00 UTC] PHP   1. {main}() /home/ubuntu/workspace/app/webroot/index.php:0
[02-Aug-2015 01:47:00 UTC] PHP   2. Dispatcher->dispatch() /home/ubuntu/workspace/app/webroot/index.php:118
[02-Aug-2015 01:47:00 UTC] PHP   3. Dispatcher->_invoke() /home/ubuntu/workspace/lib/Cake/Routing/Dispatcher.php:167
[02-Aug-2015 01:47:00 UTC] PHP   4. Controller->startupProcess() /home/ubuntu/workspace/lib/Cake/Routing/Dispatcher.php:189
[02-Aug-2015 01:47:00 UTC] PHP   5. CakeEventManager->dispatch() /home/ubuntu/workspace/lib/Cake/Controller/Controller.php:676
[02-Aug-2015 01:47:00 UTC] PHP   6. call_user_func:{/home/ubuntu/workspace/lib/Cake/Event/CakeEventManager.php:243}() /home/ubuntu/workspace/lib/Cake/Event/CakeEventManager.php:243
[02-Aug-2015 01:47:00 UTC] PHP   7. UsersController->beforeFilter() /home/ubuntu/workspace/lib/Cake/Event/CakeEventManager.php:243
[02-Aug-2015 01:47:34 UTC] PHP Fatal error:  Class 'AuthComponent' not found in /home/ubuntu/workspace/app/Controller/UsersController.php on line 67
[02-Aug-2015 01:47:34 UTC] PHP Stack trace:
[02-Aug-2015 01:47:34 UTC] PHP   1. {main}() /home/ubuntu/workspace/app/webroot/index.php:0
[02-Aug-2015 01:47:34 UTC] PHP   2. Dispatcher->dispatch() /home/ubuntu/workspace/app/webroot/index.php:118
[02-Aug-2015 01:47:34 UTC] PHP   3. Dispatcher->_invoke() /home/ubuntu/workspace/lib/Cake/Routing/Dispatcher.php:167
[02-Aug-2015 01:47:34 UTC] PHP   4. Controller->invokeAction() /home/ubuntu/workspace/lib/Cake/Routing/Dispatcher.php:193
[02-Aug-2015 01:47:34 UTC] PHP   5. ReflectionMethod->invokeArgs() /home/ubuntu/workspace/lib/Cake/Controller/Controller.php:490
[02-Aug-2015 01:47:34 UTC] PHP   6. UsersController->add() /home/ubuntu/workspace/lib/Cake/Controller/Controller.php:490
[02-Aug-2015 01:54:47 UTC] PHP Fatal error:  Cannot redeclare UsersController::$components in /home/ubuntu/workspace/app/Controller/UsersController.php on line 8
[02-Aug-2015 01:54:47 UTC] PHP Stack trace:
[02-Aug-2015 01:54:47 UTC] PHP   1. {main}() /home/ubuntu/workspace/app/webroot/index.php:0
[02-Aug-2015 01:54:47 UTC] PHP   2. Dispatcher->dispatch() /home/ubuntu/workspace/app/webroot/index.php:118
[02-Aug-2015 01:54:47 UTC] PHP   3. Dispatcher->_getController() /home/ubuntu/workspace/lib/Cake/Routing/Dispatcher.php:158
[02-Aug-2015 01:54:47 UTC] PHP   4. Dispatcher->_loadController() /home/ubuntu/workspace/lib/Cake/Routing/Dispatcher.php:235
[02-Aug-2015 01:54:47 UTC] PHP   5. class_exists() /home/ubuntu/workspace/lib/Cake/Routing/Dispatcher.php:266
[02-Aug-2015 01:54:47 UTC] PHP   6. spl_autoload_call() /home/ubuntu/workspace/lib/Cake/Routing/Dispatcher.php:266
[02-Aug-2015 01:54:47 UTC] PHP   7. App::load() /home/ubuntu/workspace/lib/Cake/Routing/Dispatcher.php:266
[02-Aug-2015 01:55:16 UTC] PHP Fatal error:  Cannot redeclare UsersController::$components in /home/ubuntu/workspace/app/Controller/UsersController.php on line 8
[02-Aug-2015 01:55:16 UTC] PHP Stack trace:
[02-Aug-2015 01:55:16 UTC] PHP   1. {main}() /home/ubuntu/workspace/app/webroot/index.php:0
[02-Aug-2015 01:55:16 UTC] PHP   2. Dispatcher->dispatch() /home/ubuntu/workspace/app/webroot/index.php:118
[02-Aug-2015 01:55:16 UTC] PHP   3. Dispatcher->_getController() /home/ubuntu/workspace/lib/Cake/Routing/Dispatcher.php:158
[02-Aug-2015 01:55:16 UTC] PHP   4. Dispatcher->_loadController() /home/ubuntu/workspace/lib/Cake/Routing/Dispatcher.php:235
[02-Aug-2015 01:55:16 UTC] PHP   5. class_exists() /home/ubuntu/workspace/lib/Cake/Routing/Dispatcher.php:266
[02-Aug-2015 01:55:16 UTC] PHP   6. spl_autoload_call() /home/ubuntu/workspace/lib/Cake/Routing/Dispatcher.php:266
[02-Aug-2015 01:55:16 UTC] PHP   7. App::load() /home/ubuntu/workspace/lib/Cake/Routing/Dispatcher.php:266
[02-Aug-2015 02:03:32 UTC] PHP Fatal error:  Call to a member function create() on a non-object in /home/ubuntu/workspace/app/Controller/UsersController.php on line 69
[02-Aug-2015 02:03:32 UTC] PHP Stack trace:
[02-Aug-2015 02:03:32 UTC] PHP   1. {main}() /home/ubuntu/workspace/app/webroot/index.php:0
[02-Aug-2015 02:03:32 UTC] PHP   2. Dispatcher->dispatch() /home/ubuntu/workspace/app/webroot/index.php:118
[02-Aug-2015 02:03:32 UTC] PHP   3. Dispatcher->_invoke() /home/ubuntu/workspace/lib/Cake/Routing/Dispatcher.php:167
[02-Aug-2015 02:03:32 UTC] PHP   4. Controller->invokeAction() /home/ubuntu/workspace/lib/Cake/Routing/Dispatcher.php:193
[02-Aug-2015 02:03:32 UTC] PHP   5. ReflectionMethod->invokeArgs() /home/ubuntu/workspace/lib/Cake/Controller/Controller.php:490
[02-Aug-2015 02:03:32 UTC] PHP   6. UsersController->add() /home/ubuntu/workspace/lib/Cake/Controller/Controller.php:490
[02-Aug-2015 09:16:55 UTC] PHP Fatal error:  Call to a member function create() on a non-object in /home/ubuntu/workspace/app/Controller/UsersController.php on line 69
[02-Aug-2015 09:16:55 UTC] PHP Stack trace:
[02-Aug-2015 09:16:55 UTC] PHP   1. {main}() /home/ubuntu/workspace/app/webroot/index.php:0
[02-Aug-2015 09:16:55 UTC] PHP   2. Dispatcher->dispatch() /home/ubuntu/workspace/app/webroot/index.php:118
[02-Aug-2015 09:16:55 UTC] PHP   3. Dispatcher->_invoke() /home/ubuntu/workspace/lib/Cake/Routing/Dispatcher.php:167
[02-Aug-2015 09:16:55 UTC] PHP   4. Controller->invokeAction() /home/ubuntu/workspace/lib/Cake/Routing/Dispatcher.php:193
[02-Aug-2015 09:16:55 UTC] PHP   5. ReflectionMethod->invokeArgs() /home/ubuntu/workspace/lib/Cake/Controller/Controller.php:490
[02-Aug-2015 09:16:55 UTC] PHP   6. UsersController->add() /home/ubuntu/workspace/lib/Cake/Controller/Controller.php:490
[02-Aug-2015 09:18:54 UTC] PHP Fatal error:  Call to a member function create() on a non-object in /home/ubuntu/workspace/app/Controller/UsersController.php on line 69
[02-Aug-2015 09:18:54 UTC] PHP Stack trace:
[02-Aug-2015 09:18:54 UTC] PHP   1. {main}() /home/ubuntu/workspace/app/webroot/index.php:0
[02-Aug-2015 09:18:54 UTC] PHP   2. Dispatcher->dispatch() /home/ubuntu/workspace/app/webroot/index.php:118
[02-Aug-2015 09:18:54 UTC] PHP   3. Dispatcher->_invoke() /home/ubuntu/workspace/lib/Cake/Routing/Dispatcher.php:167
[02-Aug-2015 09:18:54 UTC] PHP   4. Controller->invokeAction() /home/ubuntu/workspace/lib/Cake/Routing/Dispatcher.php:193
[02-Aug-2015 09:18:54 UTC] PHP   5. ReflectionMethod->invokeArgs() /home/ubuntu/workspace/lib/Cake/Controller/Controller.php:490
[02-Aug-2015 09:18:54 UTC] PHP   6. UsersController->add() /home/ubuntu/workspace/lib/Cake/Controller/Controller.php:490
[02-Aug-2015 09:23:21 UTC] PHP Fatal error:  Call to a member function create() on a non-object in /home/ubuntu/workspace/app/Controller/UsersController.php on line 69
[02-Aug-2015 09:23:21 UTC] PHP Stack trace:
[02-Aug-2015 09:23:21 UTC] PHP   1. {main}() /home/ubuntu/workspace/app/webroot/index.php:0
[02-Aug-2015 09:23:21 UTC] PHP   2. Dispatcher->dispatch() /home/ubuntu/workspace/app/webroot/index.php:118
[02-Aug-2015 09:23:21 UTC] PHP   3. Dispatcher->_invoke() /home/ubuntu/workspace/lib/Cake/Routing/Dispatcher.php:167
[02-Aug-2015 09:23:21 UTC] PHP   4. Controller->invokeAction() /home/ubuntu/workspace/lib/Cake/Routing/Dispatcher.php:193
[02-Aug-2015 09:23:21 UTC] PHP   5. ReflectionMethod->invokeArgs() /home/ubuntu/workspace/lib/Cake/Controller/Controller.php:490
[02-Aug-2015 09:23:21 UTC] PHP   6. UsersController->add() /home/ubuntu/workspace/lib/Cake/Controller/Controller.php:490
[02-Aug-2015 09:25:05 UTC] PHP Fatal error:  Call to a member function save() on a non-object in /home/ubuntu/workspace/app/Controller/UsersController.php on line 70
[02-Aug-2015 09:25:05 UTC] PHP Stack trace:
[02-Aug-2015 09:25:05 UTC] PHP   1. {main}() /home/ubuntu/workspace/app/webroot/index.php:0
[02-Aug-2015 09:25:05 UTC] PHP   2. Dispatcher->dispatch() /home/ubuntu/workspace/app/webroot/index.php:118
[02-Aug-2015 09:25:05 UTC] PHP   3. Dispatcher->_invoke() /home/ubuntu/workspace/lib/Cake/Routing/Dispatcher.php:167
[02-Aug-2015 09:25:05 UTC] PHP   4. Controller->invokeAction() /home/ubuntu/workspace/lib/Cake/Routing/Dispatcher.php:193
[02-Aug-2015 09:25:05 UTC] PHP   5. ReflectionMethod->invokeArgs() /home/ubuntu/workspace/lib/Cake/Controller/Controller.php:490
[02-Aug-2015 09:25:05 UTC] PHP   6. UsersController->add() /home/ubuntu/workspace/lib/Cake/Controller/Controller.php:490
[02-Aug-2015 09:25:40 UTC] PHP Fatal error:  Call to a member function save() on a non-object in /home/ubuntu/workspace/app/Controller/UsersController.php on line 70
[02-Aug-2015 09:25:40 UTC] PHP Stack trace:
[02-Aug-2015 09:25:40 UTC] PHP   1. {main}() /home/ubuntu/workspace/app/webroot/index.php:0
[02-Aug-2015 09:25:40 UTC] PHP   2. Dispatcher->dispatch() /home/ubuntu/workspace/app/webroot/index.php:118
[02-Aug-2015 09:25:40 UTC] PHP   3. Dispatcher->_invoke() /home/ubuntu/workspace/lib/Cake/Routing/Dispatcher.php:167
[02-Aug-2015 09:25:40 UTC] PHP   4. Controller->invokeAction() /home/ubuntu/workspace/lib/Cake/Routing/Dispatcher.php:193
[02-Aug-2015 09:25:40 UTC] PHP   5. ReflectionMethod->invokeArgs() /home/ubuntu/workspace/lib/Cake/Controller/Controller.php:490
[02-Aug-2015 09:25:40 UTC] PHP   6. UsersController->add() /home/ubuntu/workspace/lib/Cake/Controller/Controller.php:490
[02-Aug-2015 09:25:52 UTC] PHP Fatal error:  Call to a member function save() on a non-object in /home/ubuntu/workspace/app/Controller/UsersController.php on line 70
[02-Aug-2015 09:25:52 UTC] PHP Stack trace:
[02-Aug-2015 09:25:52 UTC] PHP   1. {main}() /home/ubuntu/workspace/app/webroot/index.php:0
[02-Aug-2015 09:25:52 UTC] PHP   2. Dispatcher->dispatch() /home/ubuntu/workspace/app/webroot/index.php:118
[02-Aug-2015 09:25:52 UTC] PHP   3. Dispatcher->_invoke() /home/ubuntu/workspace/lib/Cake/Routing/Dispatcher.php:167
[02-Aug-2015 09:25:52 UTC] PHP   4. Controller->invokeAction() /home/ubuntu/workspace/lib/Cake/Routing/Dispatcher.php:193
[02-Aug-2015 09:25:52 UTC] PHP   5. ReflectionMethod->invokeArgs() /home/ubuntu/workspace/lib/Cake/Controller/Controller.php:490
[02-Aug-2015 09:25:52 UTC] PHP   6. UsersController->add() /home/ubuntu/workspace/lib/Cake/Controller/Controller.php:490
[02-Aug-2015 09:26:03 UTC] PHP Fatal error:  Call to a member function create() on a non-object in /home/ubuntu/workspace/app/Controller/UsersController.php on line 69
[02-Aug-2015 09:26:03 UTC] PHP Stack trace:
[02-Aug-2015 09:26:03 UTC] PHP   1. {main}() /home/ubuntu/workspace/app/webroot/index.php:0
[02-Aug-2015 09:26:03 UTC] PHP   2. Dispatcher->dispatch() /home/ubuntu/workspace/app/webroot/index.php:118
[02-Aug-2015 09:26:03 UTC] PHP   3. Dispatcher->_invoke() /home/ubuntu/workspace/lib/Cake/Routing/Dispatcher.php:167
[02-Aug-2015 09:26:03 UTC] PHP   4. Controller->invokeAction() /home/ubuntu/workspace/lib/Cake/Routing/Dispatcher.php:193
[02-Aug-2015 09:26:03 UTC] PHP   5. ReflectionMethod->invokeArgs() /home/ubuntu/workspace/lib/Cake/Controller/Controller.php:490
[02-Aug-2015 09:26:03 UTC] PHP   6. UsersController->add() /home/ubuntu/workspace/lib/Cake/Controller/Controller.php:490
[02-Aug-2015 09:37:17 UTC] PHP Fatal error:  Call to a member function allow() on a non-object in /home/ubuntu/workspace/app/Controller/AppointmentsController.php on line 17
[02-Aug-2015 09:37:17 UTC] PHP Stack trace:
[02-Aug-2015 09:37:17 UTC] PHP   1. {main}() /home/ubuntu/workspace/app/webroot/index.php:0
[02-Aug-2015 09:37:17 UTC] PHP   2. Dispatcher->dispatch() /home/ubuntu/workspace/app/webroot/index.php:118
[02-Aug-2015 09:37:17 UTC] PHP   3. Dispatcher->_invoke() /home/ubuntu/workspace/lib/Cake/Routing/Dispatcher.php:167
[02-Aug-2015 09:37:17 UTC] PHP   4. Controller->startupProcess() /home/ubuntu/workspace/lib/Cake/Routing/Dispatcher.php:189
[02-Aug-2015 09:37:17 UTC] PHP   5. CakeEventManager->dispatch() /home/ubuntu/workspace/lib/Cake/Controller/Controller.php:676
[02-Aug-2015 09:37:17 UTC] PHP   6. call_user_func:{/home/ubuntu/workspace/lib/Cake/Event/CakeEventManager.php:243}() /home/ubuntu/workspace/lib/Cake/Event/CakeEventManager.php:243
[02-Aug-2015 09:37:17 UTC] PHP   7. AppointmentsController->beforeFilter() /home/ubuntu/workspace/lib/Cake/Event/CakeEventManager.php:243
[02-Aug-2015 09:37:42 UTC] PHP Fatal error:  Call to a member function user() on a non-object in /home/ubuntu/workspace/app/Controller/AppointmentsController.php on line 37
[02-Aug-2015 09:37:42 UTC] PHP Stack trace:
[02-Aug-2015 09:37:42 UTC] PHP   1. {main}() /home/ubuntu/workspace/app/webroot/index.php:0
[02-Aug-2015 09:37:42 UTC] PHP   2. Dispatcher->dispatch() /home/ubuntu/workspace/app/webroot/index.php:118
[02-Aug-2015 09:37:42 UTC] PHP   3. Dispatcher->_invoke() /home/ubuntu/workspace/lib/Cake/Routing/Dispatcher.php:167
[02-Aug-2015 09:37:42 UTC] PHP   4. Controller->invokeAction() /home/ubuntu/workspace/lib/Cake/Routing/Dispatcher.php:193
[02-Aug-2015 09:37:42 UTC] PHP   5. ReflectionMethod->invokeArgs() /home/ubuntu/workspace/lib/Cake/Controller/Controller.php:490
[02-Aug-2015 09:37:42 UTC] PHP   6. AppointmentsController->index() /home/ubuntu/workspace/lib/Cake/Controller/Controller.php:490
[02-Aug-2015 09:39:19 UTC] PHP Fatal error:  Call to a member function create() on a non-object in /home/ubuntu/workspace/app/Controller/UsersController.php on line 69
[02-Aug-2015 09:39:19 UTC] PHP Stack trace:
[02-Aug-2015 09:39:19 UTC] PHP   1. {main}() /home/ubuntu/workspace/app/webroot/index.php:0
[02-Aug-2015 09:39:19 UTC] PHP   2. Dispatcher->dispatch() /home/ubuntu/workspace/app/webroot/index.php:118
[02-Aug-2015 09:39:19 UTC] PHP   3. Dispatcher->_invoke() /home/ubuntu/workspace/lib/Cake/Routing/Dispatcher.php:167
[02-Aug-2015 09:39:19 UTC] PHP   4. Controller->invokeAction() /home/ubuntu/workspace/lib/Cake/Routing/Dispatcher.php:193
[02-Aug-2015 09:39:19 UTC] PHP   5. ReflectionMethod->invokeArgs() /home/ubuntu/workspace/lib/Cake/Controller/Controller.php:490
[02-Aug-2015 09:39:19 UTC] PHP   6. UsersController->add() /home/ubuntu/workspace/lib/Cake/Controller/Controller.php:490
[02-Aug-2015 09:40:15 UTC] PHP Fatal error:  Call to a member function create() on a non-object in /home/ubuntu/workspace/app/Controller/UsersController.php on line 69
[02-Aug-2015 09:40:15 UTC] PHP Stack trace:
[02-Aug-2015 09:40:15 UTC] PHP   1. {main}() /home/ubuntu/workspace/app/webroot/index.php:0
[02-Aug-2015 09:40:15 UTC] PHP   2. Dispatcher->dispatch() /home/ubuntu/workspace/app/webroot/index.php:118
[02-Aug-2015 09:40:15 UTC] PHP   3. Dispatcher->_invoke() /home/ubuntu/workspace/lib/Cake/Routing/Dispatcher.php:167
[02-Aug-2015 09:40:15 UTC] PHP   4. Controller->invokeAction() /home/ubuntu/workspace/lib/Cake/Routing/Dispatcher.php:193
[02-Aug-2015 09:40:15 UTC] PHP   5. ReflectionMethod->invokeArgs() /home/ubuntu/workspace/lib/Cake/Controller/Controller.php:490
[02-Aug-2015 09:40:15 UTC] PHP   6. UsersController->add() /home/ubuntu/workspace/lib/Cake/Controller/Controller.php:490
[02-Aug-2015 09:47:04 UTC] PHP Fatal error:  Call to a member function create() on a non-object in /home/ubuntu/workspace/app/Controller/UsersController.php on line 69
[02-Aug-2015 09:47:04 UTC] PHP Stack trace:
[02-Aug-2015 09:47:04 UTC] PHP   1. {main}() /home/ubuntu/workspace/app/webroot/index.php:0
[02-Aug-2015 09:47:04 UTC] PHP   2. Dispatcher->dispatch() /home/ubuntu/workspace/app/webroot/index.php:118
[02-Aug-2015 09:47:04 UTC] PHP   3. Dispatcher->_invoke() /home/ubuntu/workspace/lib/Cake/Routing/Dispatcher.php:167
[02-Aug-2015 09:47:04 UTC] PHP   4. Controller->invokeAction() /home/ubuntu/workspace/lib/Cake/Routing/Dispatcher.php:193
[02-Aug-2015 09:47:04 UTC] PHP   5. ReflectionMethod->invokeArgs() /home/ubuntu/workspace/lib/Cake/Controller/Controller.php:490
[02-Aug-2015 09:47:04 UTC] PHP   6. UsersController->add() /home/ubuntu/workspace/lib/Cake/Controller/Controller.php:490
[02-Aug-2015 09:59:44 UTC] PHP Fatal error:  Call to a member function create() on a non-object in /home/ubuntu/workspace/app/Controller/UsersController.php on line 69
[02-Aug-2015 09:59:44 UTC] PHP Stack trace:
[02-Aug-2015 09:59:44 UTC] PHP   1. {main}() /home/ubuntu/workspace/app/webroot/index.php:0
[02-Aug-2015 09:59:44 UTC] PHP   2. Dispatcher->dispatch() /home/ubuntu/workspace/app/webroot/index.php:118
[02-Aug-2015 09:59:44 UTC] PHP   3. Dispatcher->_invoke() /home/ubuntu/workspace/lib/Cake/Routing/Dispatcher.php:167
[02-Aug-2015 09:59:44 UTC] PHP   4. Controller->invokeAction() /home/ubuntu/workspace/lib/Cake/Routing/Dispatcher.php:193
[02-Aug-2015 09:59:44 UTC] PHP   5. ReflectionMethod->invokeArgs() /home/ubuntu/workspace/lib/Cake/Controller/Controller.php:490
[02-Aug-2015 09:59:44 UTC] PHP   6. UsersController->add() /home/ubuntu/workspace/lib/Cake/Controller/Controller.php:490
[02-Aug-2015 10:00:46 UTC] PHP Fatal error:  Call to a member function create() on a non-object in /home/ubuntu/workspace/app/Controller/UsersController.php on line 69
[02-Aug-2015 10:00:46 UTC] PHP Stack trace:
[02-Aug-2015 10:00:46 UTC] PHP   1. {main}() /home/ubuntu/workspace/app/webroot/index.php:0
[02-Aug-2015 10:00:46 UTC] PHP   2. Dispatcher->dispatch() /home/ubuntu/workspace/app/webroot/index.php:118
[02-Aug-2015 10:00:46 UTC] PHP   3. Dispatcher->_invoke() /home/ubuntu/workspace/lib/Cake/Routing/Dispatcher.php:167
[02-Aug-2015 10:00:46 UTC] PHP   4. Controller->invokeAction() /home/ubuntu/workspace/lib/Cake/Routing/Dispatcher.php:193
[02-Aug-2015 10:00:46 UTC] PHP   5. ReflectionMethod->invokeArgs() /home/ubuntu/workspace/lib/Cake/Controller/Controller.php:490
[02-Aug-2015 10:00:46 UTC] PHP   6. UsersController->add() /home/ubuntu/workspace/lib/Cake/Controller/Controller.php:490
[02-Aug-2015 10:48:50 UTC] PHP Fatal error:  Call to a member function create() on a non-object in /home/ubuntu/workspace/app/Controller/UsersController.php on line 72
[02-Aug-2015 10:48:50 UTC] PHP Stack trace:
[02-Aug-2015 10:48:50 UTC] PHP   1. {main}() /home/ubuntu/workspace/app/webroot/index.php:0
[02-Aug-2015 10:48:50 UTC] PHP   2. Dispatcher->dispatch() /home/ubuntu/workspace/app/webroot/index.php:118
[02-Aug-2015 10:48:50 UTC] PHP   3. Dispatcher->_invoke() /home/ubuntu/workspace/lib/Cake/Routing/Dispatcher.php:167
[02-Aug-2015 10:48:50 UTC] PHP   4. Controller->invokeAction() /home/ubuntu/workspace/lib/Cake/Routing/Dispatcher.php:193
[02-Aug-2015 10:48:50 UTC] PHP   5. ReflectionMethod->invokeArgs() /home/ubuntu/workspace/lib/Cake/Controller/Controller.php:490
[02-Aug-2015 10:48:50 UTC] PHP   6. UsersController->add() /home/ubuntu/workspace/lib/Cake/Controller/Controller.php:490
[06-Aug-2015 05:58:56 UTC] PHP Fatal error:  Call to a member function create() on a non-object in /home/ubuntu/workspace/app/Controller/UsersController.php on line 83
[06-Aug-2015 05:58:56 UTC] PHP Stack trace:
[06-Aug-2015 05:58:56 UTC] PHP   1. {main}() /home/ubuntu/workspace/app/webroot/index.php:0
[06-Aug-2015 05:58:56 UTC] PHP   2. Dispatcher->dispatch() /home/ubuntu/workspace/app/webroot/index.php:118
[06-Aug-2015 05:58:56 UTC] PHP   3. Dispatcher->_invoke() /home/ubuntu/workspace/lib/Cake/Routing/Dispatcher.php:167
[06-Aug-2015 05:58:56 UTC] PHP   4. Controller->invokeAction() /home/ubuntu/workspace/lib/Cake/Routing/Dispatcher.php:193
[06-Aug-2015 05:58:56 UTC] PHP   5. ReflectionMethod->invokeArgs() /home/ubuntu/workspace/lib/Cake/Controller/Controller.php:490
[06-Aug-2015 05:58:56 UTC] PHP   6. UsersController->add() /home/ubuntu/workspace/lib/Cake/Controller/Controller.php:490
[06-Aug-2015 06:01:54 UTC] PHP Fatal error:  Call to a member function create() on a non-object in /home/ubuntu/workspace/app/Controller/UsersController.php on line 83
[06-Aug-2015 06:01:54 UTC] PHP Stack trace:
[06-Aug-2015 06:01:54 UTC] PHP   1. {main}() /home/ubuntu/workspace/app/webroot/index.php:0
[06-Aug-2015 06:01:54 UTC] PHP   2. Dispatcher->dispatch() /home/ubuntu/workspace/app/webroot/index.php:118
[06-Aug-2015 06:01:54 UTC] PHP   3. Dispatcher->_invoke() /home/ubuntu/workspace/lib/Cake/Routing/Dispatcher.php:167
[06-Aug-2015 06:01:54 UTC] PHP   4. Controller->invokeAction() /home/ubuntu/workspace/lib/Cake/Routing/Dispatcher.php:193
[06-Aug-2015 06:01:54 UTC] PHP   5. ReflectionMethod->invokeArgs() /home/ubuntu/workspace/lib/Cake/Controller/Controller.php:490
[06-Aug-2015 06:01:54 UTC] PHP   6. UsersController->add() /home/ubuntu/workspace/lib/Cake/Controller/Controller.php:490
[06-Aug-2015 08:18:15 UTC] PHP Fatal error:  Call to a member function create() on a non-object in /home/ubuntu/workspace/app/Controller/UsersController.php on line 83
[06-Aug-2015 08:18:15 UTC] PHP Stack trace:
[06-Aug-2015 08:18:15 UTC] PHP   1. {main}() /home/ubuntu/workspace/app/webroot/index.php:0
[06-Aug-2015 08:18:15 UTC] PHP   2. Dispatcher->dispatch() /home/ubuntu/workspace/app/webroot/index.php:118
[06-Aug-2015 08:18:15 UTC] PHP   3. Dispatcher->_invoke() /home/ubuntu/workspace/lib/Cake/Routing/Dispatcher.php:167
[06-Aug-2015 08:18:15 UTC] PHP   4. Controller->invokeAction() /home/ubuntu/workspace/lib/Cake/Routing/Dispatcher.php:193
[06-Aug-2015 08:18:15 UTC] PHP   5. ReflectionMethod->invokeArgs() /home/ubuntu/workspace/lib/Cake/Controller/Controller.php:490
[06-Aug-2015 08:18:15 UTC] PHP   6. UsersController->add() /home/ubuntu/workspace/lib/Cake/Controller/Controller.php:490
[06-Aug-2015 08:30:56 UTC] PHP Fatal error:  Call to a member function create() on a non-object in /home/ubuntu/workspace/app/Controller/UsersController.php on line 83
[06-Aug-2015 08:30:56 UTC] PHP Stack trace:
[06-Aug-2015 08:30:56 UTC] PHP   1. {main}() /home/ubuntu/workspace/app/webroot/index.php:0
[06-Aug-2015 08:30:56 UTC] PHP   2. Dispatcher->dispatch() /home/ubuntu/workspace/app/webroot/index.php:118
[06-Aug-2015 08:30:56 UTC] PHP   3. Dispatcher->_invoke() /home/ubuntu/workspace/lib/Cake/Routing/Dispatcher.php:167
[06-Aug-2015 08:30:56 UTC] PHP   4. Controller->invokeAction() /home/ubuntu/workspace/lib/Cake/Routing/Dispatcher.php:193
[06-Aug-2015 08:30:56 UTC] PHP   5. ReflectionMethod->invokeArgs() /home/ubuntu/workspace/lib/Cake/Controller/Controller.php:490
[06-Aug-2015 08:30:56 UTC] PHP   6. UsersController->add() /home/ubuntu/workspace/lib/Cake/Controller/Controller.php:490
[06-Aug-2015 08:31:13 UTC] PHP Fatal error:  Call to a member function create() on a non-object in /home/ubuntu/workspace/app/Controller/UsersController.php on line 83
[06-Aug-2015 08:31:13 UTC] PHP Stack trace:
[06-Aug-2015 08:31:13 UTC] PHP   1. {main}() /home/ubuntu/workspace/app/webroot/index.php:0
[06-Aug-2015 08:31:13 UTC] PHP   2. Dispatcher->dispatch() /home/ubuntu/workspace/app/webroot/index.php:118
[06-Aug-2015 08:31:13 UTC] PHP   3. Dispatcher->_invoke() /home/ubuntu/workspace/lib/Cake/Routing/Dispatcher.php:167
[06-Aug-2015 08:31:13 UTC] PHP   4. Controller->invokeAction() /home/ubuntu/workspace/lib/Cake/Routing/Dispatcher.php:193
[06-Aug-2015 08:31:13 UTC] PHP   5. ReflectionMethod->invokeArgs() /home/ubuntu/workspace/lib/Cake/Controller/Controller.php:490
[06-Aug-2015 08:31:13 UTC] PHP   6. UsersController->add() /home/ubuntu/workspace/lib/Cake/Controller/Controller.php:490
[06-Aug-2015 08:31:30 UTC] PHP Fatal error:  Call to a member function create() on a non-object in /home/ubuntu/workspace/app/Controller/UsersController.php on line 83
[06-Aug-2015 08:31:30 UTC] PHP Stack trace:
[06-Aug-2015 08:31:30 UTC] PHP   1. {main}() /home/ubuntu/workspace/app/webroot/index.php:0
[06-Aug-2015 08:31:30 UTC] PHP   2. Dispatcher->dispatch() /home/ubuntu/workspace/app/webroot/index.php:118
[06-Aug-2015 08:31:30 UTC] PHP   3. Dispatcher->_invoke() /home/ubuntu/workspace/lib/Cake/Routing/Dispatcher.php:167
[06-Aug-2015 08:31:30 UTC] PHP   4. Controller->invokeAction() /home/ubuntu/workspace/lib/Cake/Routing/Dispatcher.php:193
[06-Aug-2015 08:31:30 UTC] PHP   5. ReflectionMethod->invokeArgs() /home/ubuntu/workspace/lib/Cake/Controller/Controller.php:490
[06-Aug-2015 08:31:30 UTC] PHP   6. UsersController->add() /home/ubuntu/workspace/lib/Cake/Controller/Controller.php:490
[06-Aug-2015 08:32:28 UTC] PHP Fatal error:  Call to a member function create() on a non-object in /home/ubuntu/workspace/app/Controller/UsersController.php on line 71
[06-Aug-2015 08:32:28 UTC] PHP Stack trace:
[06-Aug-2015 08:32:28 UTC] PHP   1. {main}() /home/ubuntu/workspace/app/webroot/index.php:0
[06-Aug-2015 08:32:28 UTC] PHP   2. Dispatcher->dispatch() /home/ubuntu/workspace/app/webroot/index.php:118
[06-Aug-2015 08:32:28 UTC] PHP   3. Dispatcher->_invoke() /home/ubuntu/workspace/lib/Cake/Routing/Dispatcher.php:167
[06-Aug-2015 08:32:28 UTC] PHP   4. Controller->invokeAction() /home/ubuntu/workspace/lib/Cake/Routing/Dispatcher.php:193
[06-Aug-2015 08:32:28 UTC] PHP   5. ReflectionMethod->invokeArgs() /home/ubuntu/workspace/lib/Cake/Controller/Controller.php:490
[06-Aug-2015 08:32:28 UTC] PHP   6. UsersController->add() /home/ubuntu/workspace/lib/Cake/Controller/Controller.php:490
[06-Aug-2015 08:41:16 UTC] PHP Fatal error:  Call to a member function create() on a non-object in /home/ubuntu/workspace/app/Controller/UsersController.php on line 71
[06-Aug-2015 08:41:16 UTC] PHP Stack trace:
[06-Aug-2015 08:41:16 UTC] PHP   1. {main}() /home/ubuntu/workspace/app/webroot/index.php:0
[06-Aug-2015 08:41:16 UTC] PHP   2. Dispatcher->dispatch() /home/ubuntu/workspace/app/webroot/index.php:118
[06-Aug-2015 08:41:16 UTC] PHP   3. Dispatcher->_invoke() /home/ubuntu/workspace/lib/Cake/Routing/Dispatcher.php:167
[06-Aug-2015 08:41:16 UTC] PHP   4. Controller->invokeAction() /home/ubuntu/workspace/lib/Cake/Routing/Dispatcher.php:193
[06-Aug-2015 08:41:16 UTC] PHP   5. ReflectionMethod->invokeArgs() /home/ubuntu/workspace/lib/Cake/Controller/Controller.php:490
[06-Aug-2015 08:41:16 UTC] PHP   6. UsersController->add() /home/ubuntu/workspace/lib/Cake/Controller/Controller.php:490
[06-Aug-2015 08:47:01 UTC] PHP Fatal error:  Call to a member function create() on a non-object in /home/ubuntu/workspace/app/Controller/UsersController.php on line 71
[06-Aug-2015 08:47:01 UTC] PHP Stack trace:
[06-Aug-2015 08:47:01 UTC] PHP   1. {main}() /home/ubuntu/workspace/app/webroot/index.php:0
[06-Aug-2015 08:47:01 UTC] PHP   2. Dispatcher->dispatch() /home/ubuntu/workspace/app/webroot/index.php:118
[06-Aug-2015 08:47:01 UTC] PHP   3. Dispatcher->_invoke() /home/ubuntu/workspace/lib/Cake/Routing/Dispatcher.php:167
[06-Aug-2015 08:47:01 UTC] PHP   4. Controller->invokeAction() /home/ubuntu/workspace/lib/Cake/Routing/Dispatcher.php:193
[06-Aug-2015 08:47:01 UTC] PHP   5. ReflectionMethod->invokeArgs() /home/ubuntu/workspace/lib/Cake/Controller/Controller.php:490
[06-Aug-2015 08:47:01 UTC] PHP   6. UsersController->add() /home/ubuntu/workspace/lib/Cake/Controller/Controller.php:490
[06-Aug-2015 09:19:25 UTC] PHP Fatal error:  Call to a member function create() on a non-object in /home/ubuntu/workspace/app/Controller/UsersController.php on line 71
[06-Aug-2015 09:19:25 UTC] PHP Stack trace:
[06-Aug-2015 09:19:25 UTC] PHP   1. {main}() /home/ubuntu/workspace/app/webroot/index.php:0
[06-Aug-2015 09:19:25 UTC] PHP   2. Dispatcher->dispatch() /home/ubuntu/workspace/app/webroot/index.php:118
[06-Aug-2015 09:19:25 UTC] PHP   3. Dispatcher->_invoke() /home/ubuntu/workspace/lib/Cake/Routing/Dispatcher.php:167
[06-Aug-2015 09:19:25 UTC] PHP   4. Controller->invokeAction() /home/ubuntu/workspace/lib/Cake/Routing/Dispatcher.php:193
[06-Aug-2015 09:19:25 UTC] PHP   5. ReflectionMethod->invokeArgs() /home/ubuntu/workspace/lib/Cake/Controller/Controller.php:490
[06-Aug-2015 09:19:25 UTC] PHP   6. UsersController->add() /home/ubuntu/workspace/lib/Cake/Controller/Controller.php:490
[06-Aug-2015 09:19:32 UTC] PHP Fatal error:  Call to a member function create() on a non-object in /home/ubuntu/workspace/app/Controller/UsersController.php on line 71
[06-Aug-2015 09:19:32 UTC] PHP Stack trace:
[06-Aug-2015 09:19:32 UTC] PHP   1. {main}() /home/ubuntu/workspace/app/webroot/index.php:0
[06-Aug-2015 09:19:32 UTC] PHP   2. Dispatcher->dispatch() /home/ubuntu/workspace/app/webroot/index.php:118
[06-Aug-2015 09:19:32 UTC] PHP   3. Dispatcher->_invoke() /home/ubuntu/workspace/lib/Cake/Routing/Dispatcher.php:167
[06-Aug-2015 09:19:32 UTC] PHP   4. Controller->invokeAction() /home/ubuntu/workspace/lib/Cake/Routing/Dispatcher.php:193
[06-Aug-2015 09:19:32 UTC] PHP   5. ReflectionMethod->invokeArgs() /home/ubuntu/workspace/lib/Cake/Controller/Controller.php:490
[06-Aug-2015 09:19:32 UTC] PHP   6. UsersController->add() /home/ubuntu/workspace/lib/Cake/Controller/Controller.php:490
[06-Aug-2015 09:22:22 UTC] PHP Fatal error:  Call to a member function create() on a non-object in /home/ubuntu/workspace/app/Controller/UsersController.php on line 71
[06-Aug-2015 09:22:22 UTC] PHP Stack trace:
[06-Aug-2015 09:22:22 UTC] PHP   1. {main}() /home/ubuntu/workspace/app/webroot/index.php:0
[06-Aug-2015 09:22:22 UTC] PHP   2. Dispatcher->dispatch() /home/ubuntu/workspace/app/webroot/index.php:118
[06-Aug-2015 09:22:22 UTC] PHP   3. Dispatcher->_invoke() /home/ubuntu/workspace/lib/Cake/Routing/Dispatcher.php:167
[06-Aug-2015 09:22:22 UTC] PHP   4. Controller->invokeAction() /home/ubuntu/workspace/lib/Cake/Routing/Dispatcher.php:193
[06-Aug-2015 09:22:22 UTC] PHP   5. ReflectionMethod->invokeArgs() /home/ubuntu/workspace/lib/Cake/Controller/Controller.php:490
[06-Aug-2015 09:22:22 UTC] PHP   6. UsersController->add() /home/ubuntu/workspace/lib/Cake/Controller/Controller.php:490
[06-Aug-2015 09:22:40 UTC] PHP Fatal error:  Call to a member function create() on a non-object in /home/ubuntu/workspace/app/Controller/UsersController.php on line 71
[06-Aug-2015 09:22:40 UTC] PHP Stack trace:
[06-Aug-2015 09:22:40 UTC] PHP   1. {main}() /home/ubuntu/workspace/app/webroot/index.php:0
[06-Aug-2015 09:22:40 UTC] PHP   2. Dispatcher->dispatch() /home/ubuntu/workspace/app/webroot/index.php:118
[06-Aug-2015 09:22:40 UTC] PHP   3. Dispatcher->_invoke() /home/ubuntu/workspace/lib/Cake/Routing/Dispatcher.php:167
[06-Aug-2015 09:22:40 UTC] PHP   4. Controller->invokeAction() /home/ubuntu/workspace/lib/Cake/Routing/Dispatcher.php:193
[06-Aug-2015 09:22:40 UTC] PHP   5. ReflectionMethod->invokeArgs() /home/ubuntu/workspace/lib/Cake/Controller/Controller.php:490
[06-Aug-2015 09:22:40 UTC] PHP   6. UsersController->add() /home/ubuntu/workspace/lib/Cake/Controller/Controller.php:490
[06-Aug-2015 09:25:17 UTC] PHP Fatal error:  Call to a member function create() on a non-object in /home/ubuntu/workspace/app/Controller/UsersController.php on line 71
[06-Aug-2015 09:25:17 UTC] PHP Stack trace:
[06-Aug-2015 09:25:17 UTC] PHP   1. {main}() /home/ubuntu/workspace/app/webroot/index.php:0
[06-Aug-2015 09:25:17 UTC] PHP   2. Dispatcher->dispatch() /home/ubuntu/workspace/app/webroot/index.php:118
[06-Aug-2015 09:25:17 UTC] PHP   3. Dispatcher->_invoke() /home/ubuntu/workspace/lib/Cake/Routing/Dispatcher.php:167
[06-Aug-2015 09:25:17 UTC] PHP   4. Controller->invokeAction() /home/ubuntu/workspace/lib/Cake/Routing/Dispatcher.php:193
[06-Aug-2015 09:25:17 UTC] PHP   5. ReflectionMethod->invokeArgs() /home/ubuntu/workspace/lib/Cake/Controller/Controller.php:490
[06-Aug-2015 09:25:17 UTC] PHP   6. UsersController->add() /home/ubuntu/workspace/lib/Cake/Controller/Controller.php:490
[06-Aug-2015 09:25:53 UTC] PHP Fatal error:  Call to a member function create() on a non-object in /home/ubuntu/workspace/app/Controller/UsersController.php on line 71
[06-Aug-2015 09:25:53 UTC] PHP Stack trace:
[06-Aug-2015 09:25:53 UTC] PHP   1. {main}() /home/ubuntu/workspace/app/webroot/index.php:0
[06-Aug-2015 09:25:53 UTC] PHP   2. Dispatcher->dispatch() /home/ubuntu/workspace/app/webroot/index.php:118
[06-Aug-2015 09:25:53 UTC] PHP   3. Dispatcher->_invoke() /home/ubuntu/workspace/lib/Cake/Routing/Dispatcher.php:167
[06-Aug-2015 09:25:53 UTC] PHP   4. Controller->invokeAction() /home/ubuntu/workspace/lib/Cake/Routing/Dispatcher.php:193
[06-Aug-2015 09:25:53 UTC] PHP   5. ReflectionMethod->invokeArgs() /home/ubuntu/workspace/lib/Cake/Controller/Controller.php:490
[06-Aug-2015 09:25:53 UTC] PHP   6. UsersController->add() /home/ubuntu/workspace/lib/Cake/Controller/Controller.php:490
[06-Aug-2015 09:27:33 UTC] PHP Fatal error:  Call to a member function create() on a non-object in /home/ubuntu/workspace/app/Controller/UsersController.php on line 71
[06-Aug-2015 09:27:33 UTC] PHP Stack trace:
[06-Aug-2015 09:27:33 UTC] PHP   1. {main}() /home/ubuntu/workspace/app/webroot/index.php:0
[06-Aug-2015 09:27:33 UTC] PHP   2. Dispatcher->dispatch() /home/ubuntu/workspace/app/webroot/index.php:118
[06-Aug-2015 09:27:33 UTC] PHP   3. Dispatcher->_invoke() /home/ubuntu/workspace/lib/Cake/Routing/Dispatcher.php:167
[06-Aug-2015 09:27:33 UTC] PHP   4. Controller->invokeAction() /home/ubuntu/workspace/lib/Cake/Routing/Dispatcher.php:193
[06-Aug-2015 09:27:33 UTC] PHP   5. ReflectionMethod->invokeArgs() /home/ubuntu/workspace/lib/Cake/Controller/Controller.php:490
[06-Aug-2015 09:27:33 UTC] PHP   6. UsersController->add() /home/ubuntu/workspace/lib/Cake/Controller/Controller.php:490
[06-Aug-2015 09:31:28 UTC] PHP Fatal error:  Call to a member function create() on a non-object in /home/ubuntu/workspace/app/Controller/UsersController.php on line 71
[06-Aug-2015 09:31:28 UTC] PHP Stack trace:
[06-Aug-2015 09:31:28 UTC] PHP   1. {main}() /home/ubuntu/workspace/app/webroot/index.php:0
[06-Aug-2015 09:31:28 UTC] PHP   2. Dispatcher->dispatch() /home/ubuntu/workspace/app/webroot/index.php:118
[06-Aug-2015 09:31:28 UTC] PHP   3. Dispatcher->_invoke() /home/ubuntu/workspace/lib/Cake/Routing/Dispatcher.php:167
[06-Aug-2015 09:31:28 UTC] PHP   4. Controller->invokeAction() /home/ubuntu/workspace/lib/Cake/Routing/Dispatcher.php:193
[06-Aug-2015 09:31:28 UTC] PHP   5. ReflectionMethod->invokeArgs() /home/ubuntu/workspace/lib/Cake/Controller/Controller.php:490
[06-Aug-2015 09:31:28 UTC] PHP   6. UsersController->add() /home/ubuntu/workspace/lib/Cake/Controller/Controller.php:490
[06-Aug-2015 09:42:59 UTC] PHP Fatal error:  Call to a member function create() on a non-object in /home/ubuntu/workspace/app/Controller/UsersController.php on line 71
[06-Aug-2015 09:42:59 UTC] PHP Stack trace:
[06-Aug-2015 09:42:59 UTC] PHP   1. {main}() /home/ubuntu/workspace/app/webroot/index.php:0
[06-Aug-2015 09:42:59 UTC] PHP   2. Dispatcher->dispatch() /home/ubuntu/workspace/app/webroot/index.php:118
[06-Aug-2015 09:42:59 UTC] PHP   3. Dispatcher->_invoke() /home/ubuntu/workspace/lib/Cake/Routing/Dispatcher.php:167
[06-Aug-2015 09:42:59 UTC] PHP   4. Controller->invokeAction() /home/ubuntu/workspace/lib/Cake/Routing/Dispatcher.php:193
[06-Aug-2015 09:42:59 UTC] PHP   5. ReflectionMethod->invokeArgs() /home/ubuntu/workspace/lib/Cake/Controller/Controller.php:490
[06-Aug-2015 09:42:59 UTC] PHP   6. UsersController->add() /home/ubuntu/workspace/lib/Cake/Controller/Controller.php:490
[06-Aug-2015 09:49:58 UTC] PHP Fatal error:  Call to a member function allow() on a non-object in /home/ubuntu/workspace/app/Controller/UsersController.php on line 14
[06-Aug-2015 09:49:58 UTC] PHP Stack trace:
[06-Aug-2015 09:49:58 UTC] PHP   1. {main}() /home/ubuntu/workspace/app/webroot/index.php:0
[06-Aug-2015 09:49:58 UTC] PHP   2. Dispatcher->dispatch() /home/ubuntu/workspace/app/webroot/index.php:118
[06-Aug-2015 09:49:58 UTC] PHP   3. Dispatcher->_invoke() /home/ubuntu/workspace/lib/Cake/Routing/Dispatcher.php:167
[06-Aug-2015 09:49:58 UTC] PHP   4. Controller->startupProcess() /home/ubuntu/workspace/lib/Cake/Routing/Dispatcher.php:189
[06-Aug-2015 09:49:58 UTC] PHP   5. CakeEventManager->dispatch() /home/ubuntu/workspace/lib/Cake/Controller/Controller.php:676
[06-Aug-2015 09:49:58 UTC] PHP   6. call_user_func:{/home/ubuntu/workspace/lib/Cake/Event/CakeEventManager.php:243}() /home/ubuntu/workspace/lib/Cake/Event/CakeEventManager.php:243
[06-Aug-2015 09:49:58 UTC] PHP   7. UsersController->beforeFilter() /home/ubuntu/workspace/lib/Cake/Event/CakeEventManager.php:243
[06-Aug-2015 09:51:25 UTC] PHP Fatal error:  Call to a member function allow() on a non-object in /home/ubuntu/workspace/app/Controller/UsersController.php on line 15
[06-Aug-2015 09:51:25 UTC] PHP Stack trace:
[06-Aug-2015 09:51:25 UTC] PHP   1. {main}() /home/ubuntu/workspace/app/webroot/index.php:0
[06-Aug-2015 09:51:25 UTC] PHP   2. Dispatcher->dispatch() /home/ubuntu/workspace/app/webroot/index.php:118
[06-Aug-2015 09:51:25 UTC] PHP   3. Dispatcher->_invoke() /home/ubuntu/workspace/lib/Cake/Routing/Dispatcher.php:167
[06-Aug-2015 09:51:25 UTC] PHP   4. Controller->startupProcess() /home/ubuntu/workspace/lib/Cake/Routing/Dispatcher.php:189
[06-Aug-2015 09:51:25 UTC] PHP   5. CakeEventManager->dispatch() /home/ubuntu/workspace/lib/Cake/Controller/Controller.php:676
[06-Aug-2015 09:51:25 UTC] PHP   6. call_user_func:{/home/ubuntu/workspace/lib/Cake/Event/CakeEventManager.php:243}() /home/ubuntu/workspace/lib/Cake/Event/CakeEventManager.php:243
[06-Aug-2015 09:51:25 UTC] PHP   7. UsersController->beforeFilter() /home/ubuntu/workspace/lib/Cake/Event/CakeEventManager.php:243
[06-Aug-2015 09:57:40 UTC] PHP Fatal error:  Call to a member function create() on a non-object in /home/ubuntu/workspace/app/Controller/UsersController.php on line 64
[06-Aug-2015 09:57:40 UTC] PHP Stack trace:
[06-Aug-2015 09:57:40 UTC] PHP   1. {main}() /home/ubuntu/workspace/app/webroot/index.php:0
[06-Aug-2015 09:57:40 UTC] PHP   2. Dispatcher->dispatch() /home/ubuntu/workspace/app/webroot/index.php:118
[06-Aug-2015 09:57:40 UTC] PHP   3. Dispatcher->_invoke() /home/ubuntu/workspace/lib/Cake/Routing/Dispatcher.php:167
[06-Aug-2015 09:57:40 UTC] PHP   4. Controller->invokeAction() /home/ubuntu/workspace/lib/Cake/Routing/Dispatcher.php:193
[06-Aug-2015 09:57:40 UTC] PHP   5. ReflectionMethod->invokeArgs() /home/ubuntu/workspace/lib/Cake/Controller/Controller.php:490
[06-Aug-2015 09:57:40 UTC] PHP   6. UsersController->add() /home/ubuntu/workspace/lib/Cake/Controller/Controller.php:490
[06-Aug-2015 09:59:25 UTC] PHP Fatal error:  Call to a member function create() on a non-object in /home/ubuntu/workspace/app/Controller/UsersController.php on line 65
[06-Aug-2015 09:59:25 UTC] PHP Stack trace:
[06-Aug-2015 09:59:25 UTC] PHP   1. {main}() /home/ubuntu/workspace/app/webroot/index.php:0
[06-Aug-2015 09:59:25 UTC] PHP   2. Dispatcher->dispatch() /home/ubuntu/workspace/app/webroot/index.php:118
[06-Aug-2015 09:59:25 UTC] PHP   3. Dispatcher->_invoke() /home/ubuntu/workspace/lib/Cake/Routing/Dispatcher.php:167
[06-Aug-2015 09:59:25 UTC] PHP   4. Controller->invokeAction() /home/ubuntu/workspace/lib/Cake/Routing/Dispatcher.php:193
[06-Aug-2015 09:59:25 UTC] PHP   5. ReflectionMethod->invokeArgs() /home/ubuntu/workspace/lib/Cake/Controller/Controller.php:490
[06-Aug-2015 09:59:25 UTC] PHP   6. UsersController->add() /home/ubuntu/workspace/lib/Cake/Controller/Controller.php:490
[06-Aug-2015 10:06:38 UTC] PHP Fatal error:  Call to a member function create() on a non-object in /home/ubuntu/workspace/app/Controller/UsersController.php on line 65
[06-Aug-2015 10:06:38 UTC] PHP Stack trace:
[06-Aug-2015 10:06:38 UTC] PHP   1. {main}() /home/ubuntu/workspace/app/webroot/index.php:0
[06-Aug-2015 10:06:38 UTC] PHP   2. Dispatcher->dispatch() /home/ubuntu/workspace/app/webroot/index.php:118
[06-Aug-2015 10:06:38 UTC] PHP   3. Dispatcher->_invoke() /home/ubuntu/workspace/lib/Cake/Routing/Dispatcher.php:167
[06-Aug-2015 10:06:38 UTC] PHP   4. Controller->invokeAction() /home/ubuntu/workspace/lib/Cake/Routing/Dispatcher.php:193
[06-Aug-2015 10:06:38 UTC] PHP   5. ReflectionMethod->invokeArgs() /home/ubuntu/workspace/lib/Cake/Controller/Controller.php:490
[06-Aug-2015 10:06:38 UTC] PHP   6. UsersController->add() /home/ubuntu/workspace/lib/Cake/Controller/Controller.php:490
[06-Aug-2015 10:06:47 UTC] PHP Fatal error:  Call to a member function create() on a non-object in /home/ubuntu/workspace/app/Controller/UsersController.php on line 65
[06-Aug-2015 10:06:47 UTC] PHP Stack trace:
[06-Aug-2015 10:06:47 UTC] PHP   1. {main}() /home/ubuntu/workspace/app/webroot/index.php:0
[06-Aug-2015 10:06:47 UTC] PHP   2. Dispatcher->dispatch() /home/ubuntu/workspace/app/webroot/index.php:118
[06-Aug-2015 10:06:47 UTC] PHP   3. Dispatcher->_invoke() /home/ubuntu/workspace/lib/Cake/Routing/Dispatcher.php:167
[06-Aug-2015 10:06:47 UTC] PHP   4. Controller->invokeAction() /home/ubuntu/workspace/lib/Cake/Routing/Dispatcher.php:193
[06-Aug-2015 10:06:47 UTC] PHP   5. ReflectionMethod->invokeArgs() /home/ubuntu/workspace/lib/Cake/Controller/Controller.php:490
[06-Aug-2015 10:06:47 UTC] PHP   6. UsersController->add() /home/ubuntu/workspace/lib/Cake/Controller/Controller.php:490
[06-Aug-2015 10:07:13 UTC] PHP Fatal error:  Call to a member function create() on a non-object in /home/ubuntu/workspace/app/Controller/UsersController.php on line 65
[06-Aug-2015 10:07:13 UTC] PHP Stack trace:
[06-Aug-2015 10:07:13 UTC] PHP   1. {main}() /home/ubuntu/workspace/app/webroot/index.php:0
[06-Aug-2015 10:07:13 UTC] PHP   2. Dispatcher->dispatch() /home/ubuntu/workspace/app/webroot/index.php:118
[06-Aug-2015 10:07:13 UTC] PHP   3. Dispatcher->_invoke() /home/ubuntu/workspace/lib/Cake/Routing/Dispatcher.php:167
[06-Aug-2015 10:07:13 UTC] PHP   4. Controller->invokeAction() /home/ubuntu/workspace/lib/Cake/Routing/Dispatcher.php:193
[06-Aug-2015 10:07:13 UTC] PHP   5. ReflectionMethod->invokeArgs() /home/ubuntu/workspace/lib/Cake/Controller/Controller.php:490
[06-Aug-2015 10:07:13 UTC] PHP   6. UsersController->add() /home/ubuntu/workspace/lib/Cake/Controller/Controller.php:490
[06-Aug-2015 10:08:34 UTC] PHP Fatal error:  Call to a member function create() on a non-object in /home/ubuntu/workspace/app/Controller/UsersController.php on line 65
[06-Aug-2015 10:08:34 UTC] PHP Stack trace:
[06-Aug-2015 10:08:34 UTC] PHP   1. {main}() /home/ubuntu/workspace/app/webroot/index.php:0
[06-Aug-2015 10:08:34 UTC] PHP   2. Dispatcher->dispatch() /home/ubuntu/workspace/app/webroot/index.php:118
[06-Aug-2015 10:08:34 UTC] PHP   3. Dispatcher->_invoke() /home/ubuntu/workspace/lib/Cake/Routing/Dispatcher.php:167
[06-Aug-2015 10:08:34 UTC] PHP   4. Controller->invokeAction() /home/ubuntu/workspace/lib/Cake/Routing/Dispatcher.php:193
[06-Aug-2015 10:08:34 UTC] PHP   5. ReflectionMethod->invokeArgs() /home/ubuntu/workspace/lib/Cake/Controller/Controller.php:490
[06-Aug-2015 10:08:34 UTC] PHP   6. UsersController->add() /home/ubuntu/workspace/lib/Cake/Controller/Controller.php:490
[06-Aug-2015 10:08:51 UTC] PHP Fatal error:  Call to a member function create() on a non-object in /home/ubuntu/workspace/app/Controller/UsersController.php on line 65
[06-Aug-2015 10:08:51 UTC] PHP Stack trace:
[06-Aug-2015 10:08:51 UTC] PHP   1. {main}() /home/ubuntu/workspace/app/webroot/index.php:0
[06-Aug-2015 10:08:51 UTC] PHP   2. Dispatcher->dispatch() /home/ubuntu/workspace/app/webroot/index.php:118
[06-Aug-2015 10:08:51 UTC] PHP   3. Dispatcher->_invoke() /home/ubuntu/workspace/lib/Cake/Routing/Dispatcher.php:167
[06-Aug-2015 10:08:51 UTC] PHP   4. Controller->invokeAction() /home/ubuntu/workspace/lib/Cake/Routing/Dispatcher.php:193
[06-Aug-2015 10:08:51 UTC] PHP   5. ReflectionMethod->invokeArgs() /home/ubuntu/workspace/lib/Cake/Controller/Controller.php:490
[06-Aug-2015 10:08:51 UTC] PHP   6. UsersController->add() /home/ubuntu/workspace/lib/Cake/Controller/Controller.php:490
[06-Aug-2015 10:35:21 UTC] PHP Parse error:  syntax error, unexpected ''Session'' (T_CONSTANT_ENCAPSED_STRING), expecting ')' in /home/ubuntu/workspace/app/Controller/UsersController.php on line 9
[06-Aug-2015 10:35:21 UTC] PHP Stack trace:
[06-Aug-2015 10:35:21 UTC] PHP   1. {main}() /home/ubuntu/workspace/app/webroot/index.php:0
[06-Aug-2015 10:35:21 UTC] PHP   2. Dispatcher->dispatch() /home/ubuntu/workspace/app/webroot/index.php:118
[06-Aug-2015 10:35:21 UTC] PHP   3. Dispatcher->_getController() /home/ubuntu/workspace/lib/Cake/Routing/Dispatcher.php:158
[06-Aug-2015 10:35:21 UTC] PHP   4. Dispatcher->_loadController() /home/ubuntu/workspace/lib/Cake/Routing/Dispatcher.php:235
[06-Aug-2015 10:35:21 UTC] PHP   5. class_exists() /home/ubuntu/workspace/lib/Cake/Routing/Dispatcher.php:266
[06-Aug-2015 10:35:21 UTC] PHP   6. spl_autoload_call() /home/ubuntu/workspace/lib/Cake/Routing/Dispatcher.php:266
[06-Aug-2015 10:35:21 UTC] PHP   7. App::load() /home/ubuntu/workspace/lib/Cake/Routing/Dispatcher.php:266
[06-Aug-2015 14:54:26 UTC] PHP Fatal error:  Call to a member function exists() on a non-object in /home/ubuntu/workspace/app/Controller/UsersController.php on line 43
[06-Aug-2015 14:54:26 UTC] PHP Stack trace:
[06-Aug-2015 14:54:26 UTC] PHP   1. {main}() /home/ubuntu/workspace/app/webroot/index.php:0
[06-Aug-2015 14:54:26 UTC] PHP   2. Dispatcher->dispatch() /home/ubuntu/workspace/app/webroot/index.php:118
[06-Aug-2015 14:54:26 UTC] PHP   3. Dispatcher->_invoke() /home/ubuntu/workspace/lib/Cake/Routing/Dispatcher.php:167
[06-Aug-2015 14:54:26 UTC] PHP   4. Controller->invokeAction() /home/ubuntu/workspace/lib/Cake/Routing/Dispatcher.php:193
[06-Aug-2015 14:54:26 UTC] PHP   5. ReflectionMethod->invokeArgs() /home/ubuntu/workspace/lib/Cake/Controller/Controller.php:490
[06-Aug-2015 14:54:26 UTC] PHP   6. UsersController->view() /home/ubuntu/workspace/lib/Cake/Controller/Controller.php:490
[06-Aug-2015 15:21:00 UTC] PHP Fatal error:  Call to a member function exists() on a non-object in /home/ubuntu/workspace/app/Controller/UsersController.php on line 43
[06-Aug-2015 15:21:00 UTC] PHP Stack trace:
[06-Aug-2015 15:21:00 UTC] PHP   1. {main}() /home/ubuntu/workspace/app/webroot/index.php:0
[06-Aug-2015 15:21:00 UTC] PHP   2. Dispatcher->dispatch() /home/ubuntu/workspace/app/webroot/index.php:118
[06-Aug-2015 15:21:00 UTC] PHP   3. Dispatcher->_invoke() /home/ubuntu/workspace/lib/Cake/Routing/Dispatcher.php:167
[06-Aug-2015 15:21:00 UTC] PHP   4. Controller->invokeAction() /home/ubuntu/workspace/lib/Cake/Routing/Dispatcher.php:193
[06-Aug-2015 15:21:00 UTC] PHP   5. ReflectionMethod->invokeArgs() /home/ubuntu/workspace/lib/Cake/Controller/Controller.php:490
[06-Aug-2015 15:21:00 UTC] PHP   6. UsersController->view() /home/ubuntu/workspace/lib/Cake/Controller/Controller.php:490
[06-Aug-2015 15:35:21 UTC] PHP Fatal error:  Call to a member function exists() on a non-object in /home/ubuntu/workspace/app/Controller/UsersController.php on line 43
[06-Aug-2015 15:35:21 UTC] PHP Stack trace:
[06-Aug-2015 15:35:21 UTC] PHP   1. {main}() /home/ubuntu/workspace/app/webroot/index.php:0
[06-Aug-2015 15:35:21 UTC] PHP   2. Dispatcher->dispatch() /home/ubuntu/workspace/app/webroot/index.php:118
[06-Aug-2015 15:35:21 UTC] PHP   3. Dispatcher->_invoke() /home/ubuntu/workspace/lib/Cake/Routing/Dispatcher.php:167
[06-Aug-2015 15:35:21 UTC] PHP   4. Controller->invokeAction() /home/ubuntu/workspace/lib/Cake/Routing/Dispatcher.php:193
[06-Aug-2015 15:35:21 UTC] PHP   5. ReflectionMethod->invokeArgs() /home/ubuntu/workspace/lib/Cake/Controller/Controller.php:490
[06-Aug-2015 15:35:21 UTC] PHP   6. UsersController->view() /home/ubuntu/workspace/lib/Cake/Controller/Controller.php:490
[08-Aug-2015 06:22:16 UTC] PHP Fatal error:  Call to a member function exists() on a non-object in /home/ubuntu/workspace/app/Controller/UsersController.php on line 43
[08-Aug-2015 06:22:16 UTC] PHP Stack trace:
[08-Aug-2015 06:22:16 UTC] PHP   1. {main}() /home/ubuntu/workspace/app/webroot/index.php:0
[08-Aug-2015 06:22:16 UTC] PHP   2. Dispatcher->dispatch() /home/ubuntu/workspace/app/webroot/index.php:118
[08-Aug-2015 06:22:16 UTC] PHP   3. Dispatcher->_invoke() /home/ubuntu/workspace/lib/Cake/Routing/Dispatcher.php:167
[08-Aug-2015 06:22:16 UTC] PHP   4. Controller->invokeAction() /home/ubuntu/workspace/lib/Cake/Routing/Dispatcher.php:193
[08-Aug-2015 06:22:16 UTC] PHP   5. ReflectionMethod->invokeArgs() /home/ubuntu/workspace/lib/Cake/Controller/Controller.php:490
[08-Aug-2015 06:22:16 UTC] PHP   6. UsersController->view() /home/ubuntu/workspace/lib/Cake/Controller/Controller.php:490
[08-Aug-2015 06:47:31 UTC] PHP Parse error:  syntax error, unexpected 'array' (T_ARRAY), expecting ',' or ';' in /home/ubuntu/workspace/app/View/Courts/add.ctp on line 6
[08-Aug-2015 06:47:31 UTC] PHP Stack trace:
[08-Aug-2015 06:47:31 UTC] PHP   1. {main}() /home/ubuntu/workspace/app/webroot/index.php:0
[08-Aug-2015 06:47:31 UTC] PHP   2. Dispatcher->dispatch() /home/ubuntu/workspace/app/webroot/index.php:118
[08-Aug-2015 06:47:31 UTC] PHP   3. Dispatcher->_invoke() /home/ubuntu/workspace/lib/Cake/Routing/Dispatcher.php:167
[08-Aug-2015 06:47:31 UTC] PHP   4. Controller->render() /home/ubuntu/workspace/lib/Cake/Routing/Dispatcher.php:200
[08-Aug-2015 06:47:31 UTC] PHP   5. View->render() /home/ubuntu/workspace/lib/Cake/Controller/Controller.php:960
[08-Aug-2015 06:47:31 UTC] PHP   6. View->_render() /home/ubuntu/workspace/lib/Cake/View/View.php:473
[08-Aug-2015 06:47:31 UTC] PHP   7. View->_evaluate() /home/ubuntu/workspace/lib/Cake/View/View.php:923
[08-Aug-2015 07:06:46 UTC] PHP Fatal error:  Call to a member function login() on a non-object in /home/ubuntu/workspace/app/Controller/CourtsController.php on line 67
[08-Aug-2015 07:06:46 UTC] PHP Stack trace:
[08-Aug-2015 07:06:46 UTC] PHP   1. {main}() /home/ubuntu/workspace/app/webroot/index.php:0
[08-Aug-2015 07:06:46 UTC] PHP   2. Dispatcher->dispatch() /home/ubuntu/workspace/app/webroot/index.php:118
[08-Aug-2015 07:06:46 UTC] PHP   3. Dispatcher->_invoke() /home/ubuntu/workspace/lib/Cake/Routing/Dispatcher.php:167
[08-Aug-2015 07:06:46 UTC] PHP   4. Controller->invokeAction() /home/ubuntu/workspace/lib/Cake/Routing/Dispatcher.php:193
[08-Aug-2015 07:06:46 UTC] PHP   5. ReflectionMethod->invokeArgs() /home/ubuntu/workspace/lib/Cake/Controller/Controller.php:490
[08-Aug-2015 07:06:46 UTC] PHP   6. CourtsController->login() /home/ubuntu/workspace/lib/Cake/Controller/Controller.php:490
[08-Aug-2015 07:07:38 UTC] PHP Fatal error:  Call to a member function login() on a non-object in /home/ubuntu/workspace/app/Controller/CourtsController.php on line 67
[08-Aug-2015 07:07:38 UTC] PHP Stack trace:
[08-Aug-2015 07:07:38 UTC] PHP   1. {main}() /home/ubuntu/workspace/app/webroot/index.php:0
[08-Aug-2015 07:07:38 UTC] PHP   2. Dispatcher->dispatch() /home/ubuntu/workspace/app/webroot/index.php:118
[08-Aug-2015 07:07:38 UTC] PHP   3. Dispatcher->_invoke() /home/ubuntu/workspace/lib/Cake/Routing/Dispatcher.php:167
[08-Aug-2015 07:07:38 UTC] PHP   4. Controller->invokeAction() /home/ubuntu/workspace/lib/Cake/Routing/Dispatcher.php:193
[08-Aug-2015 07:07:38 UTC] PHP   5. ReflectionMethod->invokeArgs() /home/ubuntu/workspace/lib/Cake/Controller/Controller.php:490
[08-Aug-2015 07:07:38 UTC] PHP   6. CourtsController->login() /home/ubuntu/workspace/lib/Cake/Controller/Controller.php:490
[08-Aug-2015 07:08:21 UTC] PHP Fatal error:  Call to a member function login() on a non-object in /home/ubuntu/workspace/app/Controller/CourtsController.php on line 67
[08-Aug-2015 07:08:21 UTC] PHP Stack trace:
[08-Aug-2015 07:08:21 UTC] PHP   1. {main}() /home/ubuntu/workspace/app/webroot/index.php:0
[08-Aug-2015 07:08:21 UTC] PHP   2. Dispatcher->dispatch() /home/ubuntu/workspace/app/webroot/index.php:118
[08-Aug-2015 07:08:21 UTC] PHP   3. Dispatcher->_invoke() /home/ubuntu/workspace/lib/Cake/Routing/Dispatcher.php:167
[08-Aug-2015 07:08:21 UTC] PHP   4. Controller->invokeAction() /home/ubuntu/workspace/lib/Cake/Routing/Dispatcher.php:193
[08-Aug-2015 07:08:21 UTC] PHP   5. ReflectionMethod->invokeArgs() /home/ubuntu/workspace/lib/Cake/Controller/Controller.php:490
[08-Aug-2015 07:08:21 UTC] PHP   6. CourtsController->login() /home/ubuntu/workspace/lib/Cake/Controller/Controller.php:490
[08-Aug-2015 07:09:51 UTC] PHP Fatal error:  Call to a member function allow() on a non-object in /home/ubuntu/workspace/app/Controller/CourtsController.php on line 22
[08-Aug-2015 07:09:51 UTC] PHP Stack trace:
[08-Aug-2015 07:09:51 UTC] PHP   1. {main}() /home/ubuntu/workspace/app/webroot/index.php:0
[08-Aug-2015 07:09:51 UTC] PHP   2. Dispatcher->dispatch() /home/ubuntu/workspace/app/webroot/index.php:118
[08-Aug-2015 07:09:51 UTC] PHP   3. Dispatcher->_invoke() /home/ubuntu/workspace/lib/Cake/Routing/Dispatcher.php:167
[08-Aug-2015 07:09:51 UTC] PHP   4. Controller->startupProcess() /home/ubuntu/workspace/lib/Cake/Routing/Dispatcher.php:189
[08-Aug-2015 07:09:51 UTC] PHP   5. CakeEventManager->dispatch() /home/ubuntu/workspace/lib/Cake/Controller/Controller.php:676
[08-Aug-2015 07:09:51 UTC] PHP   6. call_user_func:{/home/ubuntu/workspace/lib/Cake/Event/CakeEventManager.php:243}() /home/ubuntu/workspace/lib/Cake/Event/CakeEventManager.php:243
[08-Aug-2015 07:09:51 UTC] PHP   7. CourtsController->beforeFilter() /home/ubuntu/workspace/lib/Cake/Event/CakeEventManager.php:243
[08-Aug-2015 07:10:09 UTC] PHP Fatal error:  Call to a member function allow() on a non-object in /home/ubuntu/workspace/app/Controller/CourtsController.php on line 22
[08-Aug-2015 07:10:09 UTC] PHP Stack trace:
[08-Aug-2015 07:10:09 UTC] PHP   1. {main}() /home/ubuntu/workspace/app/webroot/index.php:0
[08-Aug-2015 07:10:09 UTC] PHP   2. Dispatcher->dispatch() /home/ubuntu/workspace/app/webroot/index.php:118
[08-Aug-2015 07:10:09 UTC] PHP   3. Dispatcher->_invoke() /home/ubuntu/workspace/lib/Cake/Routing/Dispatcher.php:167
[08-Aug-2015 07:10:09 UTC] PHP   4. Controller->startupProcess() /home/ubuntu/workspace/lib/Cake/Routing/Dispatcher.php:189
[08-Aug-2015 07:10:09 UTC] PHP   5. CakeEventManager->dispatch() /home/ubuntu/workspace/lib/Cake/Controller/Controller.php:676
[08-Aug-2015 07:10:09 UTC] PHP   6. call_user_func:{/home/ubuntu/workspace/lib/Cake/Event/CakeEventManager.php:243}() /home/ubuntu/workspace/lib/Cake/Event/CakeEventManager.php:243
[08-Aug-2015 07:10:09 UTC] PHP   7. CourtsController->beforeFilter() /home/ubuntu/workspace/lib/Cake/Event/CakeEventManager.php:243
[08-Aug-2015 07:46:28 UTC] PHP Fatal error:  Call to a member function find() on a non-object in /home/ubuntu/workspace/app/Controller/AppointmentsController.php on line 88
[08-Aug-2015 07:46:28 UTC] PHP Stack trace:
[08-Aug-2015 07:46:28 UTC] PHP   1. {main}() /home/ubuntu/workspace/app/webroot/index.php:0
[08-Aug-2015 07:46:28 UTC] PHP   2. Dispatcher->dispatch() /home/ubuntu/workspace/app/webroot/index.php:118
[08-Aug-2015 07:46:28 UTC] PHP   3. Dispatcher->_invoke() /home/ubuntu/workspace/lib/Cake/Routing/Dispatcher.php:167
[08-Aug-2015 07:46:28 UTC] PHP   4. Controller->invokeAction() /home/ubuntu/workspace/lib/Cake/Routing/Dispatcher.php:193
[08-Aug-2015 07:46:28 UTC] PHP   5. ReflectionMethod->invokeArgs() /home/ubuntu/workspace/lib/Cake/Controller/Controller.php:490
[08-Aug-2015 07:46:28 UTC] PHP   6. AppointmentsController->add() /home/ubuntu/workspace/lib/Cake/Controller/Controller.php:490
[08-Aug-2015 07:46:58 UTC] PHP Fatal error:  Call to a member function find() on a non-object in /home/ubuntu/workspace/app/Controller/AppointmentsController.php on line 88
[08-Aug-2015 07:46:58 UTC] PHP Stack trace:
[08-Aug-2015 07:46:58 UTC] PHP   1. {main}() /home/ubuntu/workspace/app/webroot/index.php:0
[08-Aug-2015 07:46:58 UTC] PHP   2. Dispatcher->dispatch() /home/ubuntu/workspace/app/webroot/index.php:118
[08-Aug-2015 07:46:58 UTC] PHP   3. Dispatcher->_invoke() /home/ubuntu/workspace/lib/Cake/Routing/Dispatcher.php:167
[08-Aug-2015 07:46:58 UTC] PHP   4. Controller->invokeAction() /home/ubuntu/workspace/lib/Cake/Routing/Dispatcher.php:193
[08-Aug-2015 07:46:58 UTC] PHP   5. ReflectionMethod->invokeArgs() /home/ubuntu/workspace/lib/Cake/Controller/Controller.php:490
[08-Aug-2015 07:46:58 UTC] PHP   6. AppointmentsController->add() /home/ubuntu/workspace/lib/Cake/Controller/Controller.php:490
[08-Aug-2015 07:47:36 UTC] PHP Fatal error:  Call to a member function find() on a non-object in /home/ubuntu/workspace/app/Controller/AppointmentsController.php on line 88
[08-Aug-2015 07:47:36 UTC] PHP Stack trace:
[08-Aug-2015 07:47:36 UTC] PHP   1. {main}() /home/ubuntu/workspace/app/webroot/index.php:0
[08-Aug-2015 07:47:36 UTC] PHP   2. Dispatcher->dispatch() /home/ubuntu/workspace/app/webroot/index.php:118
[08-Aug-2015 07:47:36 UTC] PHP   3. Dispatcher->_invoke() /home/ubuntu/workspace/lib/Cake/Routing/Dispatcher.php:167
[08-Aug-2015 07:47:36 UTC] PHP   4. Controller->invokeAction() /home/ubuntu/workspace/lib/Cake/Routing/Dispatcher.php:193
[08-Aug-2015 07:47:36 UTC] PHP   5. ReflectionMethod->invokeArgs() /home/ubuntu/workspace/lib/Cake/Controller/Controller.php:490
[08-Aug-2015 07:47:36 UTC] PHP   6. AppointmentsController->add() /home/ubuntu/workspace/lib/Cake/Controller/Controller.php:490
[08-Aug-2015 07:50:21 UTC] PHP Parse error:  syntax error, unexpected ''after'' (T_CONSTANT_ENCAPSED_STRING), expecting ')' in /home/ubuntu/workspace/app/View/Appointments/add.ctp on line 26
[08-Aug-2015 07:50:21 UTC] PHP Stack trace:
[08-Aug-2015 07:50:21 UTC] PHP   1. {main}() /home/ubuntu/workspace/app/webroot/index.php:0
[08-Aug-2015 07:50:21 UTC] PHP   2. Dispatcher->dispatch() /home/ubuntu/workspace/app/webroot/index.php:118
[08-Aug-2015 07:50:21 UTC] PHP   3. Dispatcher->_invoke() /home/ubuntu/workspace/lib/Cake/Routing/Dispatcher.php:167
[08-Aug-2015 07:50:21 UTC] PHP   4. Controller->render() /home/ubuntu/workspace/lib/Cake/Routing/Dispatcher.php:200
[08-Aug-2015 07:50:21 UTC] PHP   5. View->render() /home/ubuntu/workspace/lib/Cake/Controller/Controller.php:960
[08-Aug-2015 07:50:21 UTC] PHP   6. View->_render() /home/ubuntu/workspace/lib/Cake/View/View.php:473
[08-Aug-2015 07:50:21 UTC] PHP   7. View->_evaluate() /home/ubuntu/workspace/lib/Cake/View/View.php:923
[08-Aug-2015 07:50:32 UTC] PHP Parse error:  syntax error, unexpected ''after'' (T_CONSTANT_ENCAPSED_STRING), expecting ')' in /home/ubuntu/workspace/app/View/Appointments/add.ctp on line 26
[08-Aug-2015 07:50:32 UTC] PHP Stack trace:
[08-Aug-2015 07:50:32 UTC] PHP   1. {main}() /home/ubuntu/workspace/app/webroot/index.php:0
[08-Aug-2015 07:50:32 UTC] PHP   2. Dispatcher->dispatch() /home/ubuntu/workspace/app/webroot/index.php:118
[08-Aug-2015 07:50:32 UTC] PHP   3. Dispatcher->_invoke() /home/ubuntu/workspace/lib/Cake/Routing/Dispatcher.php:167
[08-Aug-2015 07:50:32 UTC] PHP   4. Controller->render() /home/ubuntu/workspace/lib/Cake/Routing/Dispatcher.php:200
[08-Aug-2015 07:50:32 UTC] PHP   5. View->render() /home/ubuntu/workspace/lib/Cake/Controller/Controller.php:960
[08-Aug-2015 07:50:32 UTC] PHP   6. View->_render() /home/ubuntu/workspace/lib/Cake/View/View.php:473
[08-Aug-2015 07:50:32 UTC] PHP   7. View->_evaluate() /home/ubuntu/workspace/lib/Cake/View/View.php:923
[08-Aug-2015 08:23:48 UTC] PHP Fatal error:  Call to a member function exists() on a non-object in /home/ubuntu/workspace/app/Controller/UsersController.php on line 43
[08-Aug-2015 08:23:48 UTC] PHP Stack trace:
[08-Aug-2015 08:23:48 UTC] PHP   1. {main}() /home/ubuntu/workspace/app/webroot/index.php:0
[08-Aug-2015 08:23:48 UTC] PHP   2. Dispatcher->dispatch() /home/ubuntu/workspace/app/webroot/index.php:118
[08-Aug-2015 08:23:48 UTC] PHP   3. Dispatcher->_invoke() /home/ubuntu/workspace/lib/Cake/Routing/Dispatcher.php:167
[08-Aug-2015 08:23:48 UTC] PHP   4. Controller->invokeAction() /home/ubuntu/workspace/lib/Cake/Routing/Dispatcher.php:193
[08-Aug-2015 08:23:48 UTC] PHP   5. ReflectionMethod->invokeArgs() /home/ubuntu/workspace/lib/Cake/Controller/Controller.php:490
[08-Aug-2015 08:23:48 UTC] PHP   6. UsersController->view() /home/ubuntu/workspace/lib/Cake/Controller/Controller.php:490
[08-Aug-2015 15:06:53 UTC] PHP Fatal error:  Call to a member function exists() on a non-object in /home/ubuntu/workspace/app/Controller/UsersController.php on line 43
[08-Aug-2015 15:06:53 UTC] PHP Stack trace:
[08-Aug-2015 15:06:53 UTC] PHP   1. {main}() /home/ubuntu/workspace/app/webroot/index.php:0
[08-Aug-2015 15:06:53 UTC] PHP   2. Dispatcher->dispatch() /home/ubuntu/workspace/app/webroot/index.php:118
[08-Aug-2015 15:06:53 UTC] PHP   3. Dispatcher->_invoke() /home/ubuntu/workspace/lib/Cake/Routing/Dispatcher.php:167
[08-Aug-2015 15:06:53 UTC] PHP   4. Controller->invokeAction() /home/ubuntu/workspace/lib/Cake/Routing/Dispatcher.php:193
[08-Aug-2015 15:06:53 UTC] PHP   5. ReflectionMethod->invokeArgs() /home/ubuntu/workspace/lib/Cake/Controller/Controller.php:490
[08-Aug-2015 15:06:53 UTC] PHP   6. UsersController->view() /home/ubuntu/workspace/lib/Cake/Controller/Controller.php:490
[08-Aug-2015 15:11:31 UTC] PHP Fatal error:  Call to a member function exists() on a non-object in /home/ubuntu/workspace/app/Controller/UsersController.php on line 43
[08-Aug-2015 15:11:31 UTC] PHP Stack trace:
[08-Aug-2015 15:11:31 UTC] PHP   1. {main}() /home/ubuntu/workspace/app/webroot/index.php:0
[08-Aug-2015 15:11:31 UTC] PHP   2. Dispatcher->dispatch() /home/ubuntu/workspace/app/webroot/index.php:118
[08-Aug-2015 15:11:31 UTC] PHP   3. Dispatcher->_invoke() /home/ubuntu/workspace/lib/Cake/Routing/Dispatcher.php:167
[08-Aug-2015 15:11:31 UTC] PHP   4. Controller->invokeAction() /home/ubuntu/workspace/lib/Cake/Routing/Dispatcher.php:193
[08-Aug-2015 15:11:31 UTC] PHP   5. ReflectionMethod->invokeArgs() /home/ubuntu/workspace/lib/Cake/Controller/Controller.php:490
[08-Aug-2015 15:11:31 UTC] PHP   6. UsersController->view() /home/ubuntu/workspace/lib/Cake/Controller/Controller.php:490
[09-Aug-2015 11:28:02 UTC] PHP Fatal error:  Call to a member function exists() on a non-object in /home/ubuntu/workspace/app/Controller/UsersController.php on line 43
[09-Aug-2015 11:28:02 UTC] PHP Stack trace:
[09-Aug-2015 11:28:02 UTC] PHP   1. {main}() /home/ubuntu/workspace/app/webroot/index.php:0
[09-Aug-2015 11:28:02 UTC] PHP   2. Dispatcher->dispatch() /home/ubuntu/workspace/app/webroot/index.php:118
[09-Aug-2015 11:28:02 UTC] PHP   3. Dispatcher->_invoke() /home/ubuntu/workspace/lib/Cake/Routing/Dispatcher.php:167
[09-Aug-2015 11:28:02 UTC] PHP   4. Controller->invokeAction() /home/ubuntu/workspace/lib/Cake/Routing/Dispatcher.php:193
[09-Aug-2015 11:28:02 UTC] PHP   5. ReflectionMethod->invokeArgs() /home/ubuntu/workspace/lib/Cake/Controller/Controller.php:490
[09-Aug-2015 11:28:02 UTC] PHP   6. UsersController->view() /home/ubuntu/workspace/lib/Cake/Controller/Controller.php:490
[09-Aug-2015 11:53:10 UTC] PHP Fatal error:  Call to a member function exists() on a non-object in /home/ubuntu/workspace/app/Controller/UsersController.php on line 43
[09-Aug-2015 11:53:10 UTC] PHP Stack trace:
[09-Aug-2015 11:53:10 UTC] PHP   1. {main}() /home/ubuntu/workspace/app/webroot/index.php:0
[09-Aug-2015 11:53:10 UTC] PHP   2. Dispatcher->dispatch() /home/ubuntu/workspace/app/webroot/index.php:118
[09-Aug-2015 11:53:10 UTC] PHP   3. Dispatcher->_invoke() /home/ubuntu/workspace/lib/Cake/Routing/Dispatcher.php:167
[09-Aug-2015 11:53:10 UTC] PHP   4. Controller->invokeAction() /home/ubuntu/workspace/lib/Cake/Routing/Dispatcher.php:193
[09-Aug-2015 11:53:10 UTC] PHP   5. ReflectionMethod->invokeArgs() /home/ubuntu/workspace/lib/Cake/Controller/Controller.php:490
[09-Aug-2015 11:53:10 UTC] PHP   6. UsersController->view() /home/ubuntu/workspace/lib/Cake/Controller/Controller.php:490
